[0.011s] Invoking command in '/home/ytrobot/Dev/neomower/mower_ws/build/mower_bringup': AMENT_PREFIX_PATH=/home/ytrobot/Dev/neomower/mower_ws/install/mower_control:/home/ytrobot/Dev/neomower/mower_ws/install/mower_bringup:/home/ytrobot/Dev/neomower/mower_ws/install/mower_sim:/home/ytrobot/Dev/neomower/mower_ws/install/mower_interfaces:/home/ytrobot/Dev/neomower/mower_ws/install/mower_description:/opt/ros/humble CMAKE_PREFIX_PATH=/home/ytrobot/Dev/neomower/mower_ws/install/mower_sim:/home/ytrobot/Dev/neomower/mower_ws/install/mower_description:/home/ytrobot/Dev/neomower/mower_ws/install/mower_bringup:/home/ytrobot/Dev/neomower/mower_ws/install/mower_interfaces:/home/ytrobot/Dev/neomower/mower_ws/install/mower_control:/opt/ros/humble /usr/bin/cmake /home/ytrobot/Dev/neomower/mower_ws/src/mower_bringup -DAMENT_CMAKE_SYMLINK_INSTALL=1 -DCMAKE_INSTALL_PREFIX=/home/ytrobot/Dev/neomower/mower_ws/install/mower_bringup
[0.070s] -- The C compiler identification is GNU 11.4.0
[0.126s] -- The CXX compiler identification is GNU 11.4.0
[0.134s] -- Detecting C compiler ABI info
[0.210s] -- Detecting C compiler ABI info - done
[0.217s] -- Check for working C compiler: /usr/bin/cc - skipped
[0.218s] -- Detecting C compile features
[0.218s] -- Detecting C compile features - done
[0.220s] -- Detecting CXX compiler ABI info
[0.306s] -- Detecting CXX compiler ABI info - done
[0.314s] -- Check for working CXX compiler: /usr/bin/c++ - skipped
[0.314s] -- Detecting CXX compile features
[0.315s] -- Detecting CXX compile features - done
[0.317s] -- Found ament_cmake: 1.3.12 (/opt/ros/humble/share/ament_cmake/cmake)
[0.468s] -- Found Python3: /usr/bin/python3 (found version "3.10.12") found components: Interpreter 
[0.530s] -- Override CMake install command with custom implementation using symlinks instead of copying resources
[0.624s] -- Configuring done
[0.626s] -- Generating done
[0.628s] -- Build files have been written to: /home/ytrobot/Dev/neomower/mower_ws/build/mower_bringup
[0.632s] Invoked command in '/home/ytrobot/Dev/neomower/mower_ws/build/mower_bringup' returned '0': AMENT_PREFIX_PATH=/home/ytrobot/Dev/neomower/mower_ws/install/mower_control:/home/ytrobot/Dev/neomower/mower_ws/install/mower_bringup:/home/ytrobot/Dev/neomower/mower_ws/install/mower_sim:/home/ytrobot/Dev/neomower/mower_ws/install/mower_interfaces:/home/ytrobot/Dev/neomower/mower_ws/install/mower_description:/opt/ros/humble CMAKE_PREFIX_PATH=/home/ytrobot/Dev/neomower/mower_ws/install/mower_sim:/home/ytrobot/Dev/neomower/mower_ws/install/mower_description:/home/ytrobot/Dev/neomower/mower_ws/install/mower_bringup:/home/ytrobot/Dev/neomower/mower_ws/install/mower_interfaces:/home/ytrobot/Dev/neomower/mower_ws/install/mower_control:/opt/ros/humble /usr/bin/cmake /home/ytrobot/Dev/neomower/mower_ws/src/mower_bringup -DAMENT_CMAKE_SYMLINK_INSTALL=1 -DCMAKE_INSTALL_PREFIX=/home/ytrobot/Dev/neomower/mower_ws/install/mower_bringup
[0.633s] Invoking command in '/home/ytrobot/Dev/neomower/mower_ws/build/mower_bringup': AMENT_PREFIX_PATH=/home/ytrobot/Dev/neomower/mower_ws/install/mower_control:/home/ytrobot/Dev/neomower/mower_ws/install/mower_bringup:/home/ytrobot/Dev/neomower/mower_ws/install/mower_sim:/home/ytrobot/Dev/neomower/mower_ws/install/mower_interfaces:/home/ytrobot/Dev/neomower/mower_ws/install/mower_description:/opt/ros/humble CMAKE_PREFIX_PATH=/home/ytrobot/Dev/neomower/mower_ws/install/mower_sim:/home/ytrobot/Dev/neomower/mower_ws/install/mower_description:/home/ytrobot/Dev/neomower/mower_ws/install/mower_bringup:/home/ytrobot/Dev/neomower/mower_ws/install/mower_interfaces:/home/ytrobot/Dev/neomower/mower_ws/install/mower_control:/opt/ros/humble /usr/bin/cmake --build /home/ytrobot/Dev/neomower/mower_ws/build/mower_bringup -- -j8 -l8
[0.675s] Invoked command in '/home/ytrobot/Dev/neomower/mower_ws/build/mower_bringup' returned '0': AMENT_PREFIX_PATH=/home/ytrobot/Dev/neomower/mower_ws/install/mower_control:/home/ytrobot/Dev/neomower/mower_ws/install/mower_bringup:/home/ytrobot/Dev/neomower/mower_ws/install/mower_sim:/home/ytrobot/Dev/neomower/mower_ws/install/mower_interfaces:/home/ytrobot/Dev/neomower/mower_ws/install/mower_description:/opt/ros/humble CMAKE_PREFIX_PATH=/home/ytrobot/Dev/neomower/mower_ws/install/mower_sim:/home/ytrobot/Dev/neomower/mower_ws/install/mower_description:/home/ytrobot/Dev/neomower/mower_ws/install/mower_bringup:/home/ytrobot/Dev/neomower/mower_ws/install/mower_interfaces:/home/ytrobot/Dev/neomower/mower_ws/install/mower_control:/opt/ros/humble /usr/bin/cmake --build /home/ytrobot/Dev/neomower/mower_ws/build/mower_bringup -- -j8 -l8
[0.676s] Invoking command in '/home/ytrobot/Dev/neomower/mower_ws/build/mower_bringup': AMENT_PREFIX_PATH=/home/ytrobot/Dev/neomower/mower_ws/install/mower_control:/home/ytrobot/Dev/neomower/mower_ws/install/mower_bringup:/home/ytrobot/Dev/neomower/mower_ws/install/mower_sim:/home/ytrobot/Dev/neomower/mower_ws/install/mower_interfaces:/home/ytrobot/Dev/neomower/mower_ws/install/mower_description:/opt/ros/humble CMAKE_PREFIX_PATH=/home/ytrobot/Dev/neomower/mower_ws/install/mower_sim:/home/ytrobot/Dev/neomower/mower_ws/install/mower_description:/home/ytrobot/Dev/neomower/mower_ws/install/mower_bringup:/home/ytrobot/Dev/neomower/mower_ws/install/mower_interfaces:/home/ytrobot/Dev/neomower/mower_ws/install/mower_control:/opt/ros/humble /usr/bin/cmake --install /home/ytrobot/Dev/neomower/mower_ws/build/mower_bringup
[0.685s] -- Install configuration: ""
[0.685s] -- Execute custom install script
[0.686s] -- Symlinking: /home/ytrobot/Dev/neomower/mower_ws/install/mower_bringup/share/mower_bringup/launch/all.launch.py
[0.697s] -- Symlinking: /home/ytrobot/Dev/neomower/mower_ws/install/mower_bringup/share/ament_index/resource_index/package_run_dependencies/mower_bringup
[0.707s] -- Symlinking: /home/ytrobot/Dev/neomower/mower_ws/install/mower_bringup/share/ament_index/resource_index/parent_prefix_path/mower_bringup
[0.716s] -- Symlinking: /home/ytrobot/Dev/neomower/mower_ws/install/mower_bringup/share/mower_bringup/environment/ament_prefix_path.sh
[0.726s] -- Symlinking: /home/ytrobot/Dev/neomower/mower_ws/install/mower_bringup/share/mower_bringup/environment/ament_prefix_path.dsv
[0.736s] -- Symlinking: /home/ytrobot/Dev/neomower/mower_ws/install/mower_bringup/share/mower_bringup/environment/path.sh
[0.745s] -- Symlinking: /home/ytrobot/Dev/neomower/mower_ws/install/mower_bringup/share/mower_bringup/environment/path.dsv
[0.755s] -- Symlinking: /home/ytrobot/Dev/neomower/mower_ws/install/mower_bringup/share/mower_bringup/local_setup.bash
[0.764s] -- Symlinking: /home/ytrobot/Dev/neomower/mower_ws/install/mower_bringup/share/mower_bringup/local_setup.sh
[0.774s] -- Symlinking: /home/ytrobot/Dev/neomower/mower_ws/install/mower_bringup/share/mower_bringup/local_setup.zsh
[0.784s] -- Symlinking: /home/ytrobot/Dev/neomower/mower_ws/install/mower_bringup/share/mower_bringup/local_setup.dsv
[0.793s] -- Symlinking: /home/ytrobot/Dev/neomower/mower_ws/install/mower_bringup/share/mower_bringup/package.dsv
[0.803s] -- Symlinking: /home/ytrobot/Dev/neomower/mower_ws/install/mower_bringup/share/ament_index/resource_index/packages/mower_bringup
[0.813s] -- Symlinking: /home/ytrobot/Dev/neomower/mower_ws/install/mower_bringup/share/mower_bringup/cmake/mower_bringupConfig.cmake
[0.822s] -- Symlinking: /home/ytrobot/Dev/neomower/mower_ws/install/mower_bringup/share/mower_bringup/cmake/mower_bringupConfig-version.cmake
[0.832s] -- Symlinking: /home/ytrobot/Dev/neomower/mower_ws/install/mower_bringup/share/mower_bringup/package.xml
[0.844s] Invoked command in '/home/ytrobot/Dev/neomower/mower_ws/build/mower_bringup' returned '0': AMENT_PREFIX_PATH=/home/ytrobot/Dev/neomower/mower_ws/install/mower_control:/home/ytrobot/Dev/neomower/mower_ws/install/mower_bringup:/home/ytrobot/Dev/neomower/mower_ws/install/mower_sim:/home/ytrobot/Dev/neomower/mower_ws/install/mower_interfaces:/home/ytrobot/Dev/neomower/mower_ws/install/mower_description:/opt/ros/humble CMAKE_PREFIX_PATH=/home/ytrobot/Dev/neomower/mower_ws/install/mower_sim:/home/ytrobot/Dev/neomower/mower_ws/install/mower_description:/home/ytrobot/Dev/neomower/mower_ws/install/mower_bringup:/home/ytrobot/Dev/neomower/mower_ws/install/mower_interfaces:/home/ytrobot/Dev/neomower/mower_ws/install/mower_control:/opt/ros/humble /usr/bin/cmake --install /home/ytrobot/Dev/neomower/mower_ws/build/mower_bringup
