[0.021s] Invoking command in '/home/ytrobot/Dev/neomower/mower_ws/build/mower_description': CMAKE_PREFIX_PATH=${CMAKE_PREFIX_PATH}:/home/ytrobot/Dev/neomower/mower_ws/install/mower_control:/opt/ros/humble /usr/bin/cmake /home/ytrobot/Dev/neomower/mower_ws/src/mower_description -DAMENT_CMAKE_SYMLINK_INSTALL=1 -DCMAKE_INSTALL_PREFIX=/home/ytrobot/Dev/neomower/mower_ws/install/mower_description
[0.283s] -- The C compiler identification is GNU 11.4.0
[0.283s] -- The CXX compiler identification is GNU 11.4.0
[0.283s] -- Detecting C compiler ABI info
[0.283s] -- Detecting C compiler ABI info - done
[0.284s] -- Check for working C compiler: /usr/bin/cc - skipped
[0.284s] -- Detecting C compile features
[0.284s] -- Detecting C compile features - done
[0.284s] -- Detecting CXX compiler ABI info
[0.309s] -- Detecting CXX compiler ABI info - done
[0.320s] -- Check for working CXX compiler: /usr/bin/c++ - skipped
[0.320s] -- Detecting CXX compile features
[0.320s] -- Detecting CXX compile features - done
[0.321s] -- Found ament_cmake: 1.3.12 (/opt/ros/humble/share/ament_cmake/cmake)
[0.481s] -- Found Python3: /usr/bin/python3 (found version "3.10.12") found components: Interpreter 
[0.546s] -- Override CMake install command with custom implementation using symlinks instead of copying resources
[0.639s] -- Configuring done
[0.641s] -- Generating done
[0.643s] -- Build files have been written to: /home/ytrobot/Dev/neomower/mower_ws/build/mower_description
[0.649s] Invoked command in '/home/ytrobot/Dev/neomower/mower_ws/build/mower_description' returned '0': CMAKE_PREFIX_PATH=${CMAKE_PREFIX_PATH}:/home/ytrobot/Dev/neomower/mower_ws/install/mower_control:/opt/ros/humble /usr/bin/cmake /home/ytrobot/Dev/neomower/mower_ws/src/mower_description -DAMENT_CMAKE_SYMLINK_INSTALL=1 -DCMAKE_INSTALL_PREFIX=/home/ytrobot/Dev/neomower/mower_ws/install/mower_description
[0.649s] Invoking command in '/home/ytrobot/Dev/neomower/mower_ws/build/mower_description': CMAKE_PREFIX_PATH=${CMAKE_PREFIX_PATH}:/home/ytrobot/Dev/neomower/mower_ws/install/mower_control:/opt/ros/humble /usr/bin/cmake --build /home/ytrobot/Dev/neomower/mower_ws/build/mower_description -- -j8 -l8
[0.689s] Invoked command in '/home/ytrobot/Dev/neomower/mower_ws/build/mower_description' returned '0': CMAKE_PREFIX_PATH=${CMAKE_PREFIX_PATH}:/home/ytrobot/Dev/neomower/mower_ws/install/mower_control:/opt/ros/humble /usr/bin/cmake --build /home/ytrobot/Dev/neomower/mower_ws/build/mower_description -- -j8 -l8
[0.699s] Invoking command in '/home/ytrobot/Dev/neomower/mower_ws/build/mower_description': CMAKE_PREFIX_PATH=${CMAKE_PREFIX_PATH}:/home/ytrobot/Dev/neomower/mower_ws/install/mower_control:/opt/ros/humble /usr/bin/cmake --install /home/ytrobot/Dev/neomower/mower_ws/build/mower_description
[0.707s] -- Install configuration: ""
[0.707s] -- Execute custom install script
[0.708s] -- Symlinking: /home/ytrobot/Dev/neomower/mower_ws/install/mower_description/share/mower_description/urdf/mower.urdf
[0.719s] -- Symlinking: /home/ytrobot/Dev/neomower/mower_ws/install/mower_description/share/mower_description/launch/mower.launch.py
[0.729s] -- Symlinking: /home/ytrobot/Dev/neomower/mower_ws/install/mower_description/share/ament_index/resource_index/package_run_dependencies/mower_description
[0.739s] -- Symlinking: /home/ytrobot/Dev/neomower/mower_ws/install/mower_description/share/ament_index/resource_index/parent_prefix_path/mower_description
[0.748s] -- Symlinking: /home/ytrobot/Dev/neomower/mower_ws/install/mower_description/share/mower_description/environment/ament_prefix_path.sh
[0.757s] -- Symlinking: /home/ytrobot/Dev/neomower/mower_ws/install/mower_description/share/mower_description/environment/ament_prefix_path.dsv
[0.769s] -- Symlinking: /home/ytrobot/Dev/neomower/mower_ws/install/mower_description/share/mower_description/environment/path.sh
[0.779s] -- Symlinking: /home/ytrobot/Dev/neomower/mower_ws/install/mower_description/share/mower_description/environment/path.dsv
[0.789s] -- Symlinking: /home/ytrobot/Dev/neomower/mower_ws/install/mower_description/share/mower_description/local_setup.bash
[0.799s] -- Symlinking: /home/ytrobot/Dev/neomower/mower_ws/install/mower_description/share/mower_description/local_setup.sh
[0.807s] -- Symlinking: /home/ytrobot/Dev/neomower/mower_ws/install/mower_description/share/mower_description/local_setup.zsh
[0.818s] -- Symlinking: /home/ytrobot/Dev/neomower/mower_ws/install/mower_description/share/mower_description/local_setup.dsv
[0.828s] -- Symlinking: /home/ytrobot/Dev/neomower/mower_ws/install/mower_description/share/mower_description/package.dsv
[0.837s] -- Symlinking: /home/ytrobot/Dev/neomower/mower_ws/install/mower_description/share/ament_index/resource_index/packages/mower_description
[0.846s] -- Symlinking: /home/ytrobot/Dev/neomower/mower_ws/install/mower_description/share/mower_description/cmake/mower_descriptionConfig.cmake
[0.855s] -- Symlinking: /home/ytrobot/Dev/neomower/mower_ws/install/mower_description/share/mower_description/cmake/mower_descriptionConfig-version.cmake
[0.864s] -- Symlinking: /home/ytrobot/Dev/neomower/mower_ws/install/mower_description/share/mower_description/package.xml
[0.875s] Invoked command in '/home/ytrobot/Dev/neomower/mower_ws/build/mower_description' returned '0': CMAKE_PREFIX_PATH=${CMAKE_PREFIX_PATH}:/home/ytrobot/Dev/neomower/mower_ws/install/mower_control:/opt/ros/humble /usr/bin/cmake --install /home/ytrobot/Dev/neomower/mower_ws/build/mower_description
