running develop
running egg_info
creating mower_control.egg-info
writing mower_control.egg-info/PKG-INFO
writing dependency_links to mower_control.egg-info/dependency_links.txt
writing entry points to mower_control.egg-info/entry_points.txt
writing requirements to mower_control.egg-info/requires.txt
writing top-level names to mower_control.egg-info/top_level.txt
writing manifest file 'mower_control.egg-info/SOURCES.txt'
reading manifest file 'mower_control.egg-info/SOURCES.txt'
writing manifest file 'mower_control.egg-info/SOURCES.txt'
running build_ext
Creating /home/ytrobot/Dev/neomower/mower_ws/install/mower_control/lib/python3.10/site-packages/mower-control.egg-link (link to .)
Installing mower_controller script to /home/ytrobot/Dev/neomower/mower_ws/install/mower_control/lib/mower_control

Installed /home/ytrobot/Dev/neomower/mower_ws/build/mower_control
running symlink_data
creating /home/ytrobot/Dev/neomower/mower_ws/install/mower_control/share/ament_index
creating /home/ytrobot/Dev/neomower/mower_ws/install/mower_control/share/ament_index/resource_index
creating /home/ytrobot/Dev/neomower/mower_ws/install/mower_control/share/ament_index/resource_index/packages
symbolically linking /home/ytrobot/Dev/neomower/mower_ws/build/mower_control/resource/mower_control -> /home/ytrobot/Dev/neomower/mower_ws/install/mower_control/share/ament_index/resource_index/packages
symbolically linking /home/ytrobot/Dev/neomower/mower_ws/build/mower_control/package.xml -> /home/ytrobot/Dev/neomower/mower_ws/install/mower_control/share/mower_control
