[0.093s] DEBUG:colcon:Command line arguments: ['/usr/bin/colcon', 'build', '--symlink-install']
[0.093s] DEBUG:colcon:Parsed command line arguments: Namespace(log_base=None, log_level=None, verb_name='build', build_base='build', install_base='install', merge_install=False, symlink_install=True, test_result_base=None, continue_on_error=False, executor='parallel', parallel_workers=8, event_handlers=None, ignore_user_meta=False, metas=['./colcon.meta'], base_paths=['.'], packages_ignore=None, packages_ignore_regex=None, paths=None, packages_up_to=None, packages_up_to_regex=None, packages_above=None, packages_above_and_dependencies=None, packages_above_depth=None, packages_select_by_dep=None, packages_skip_by_dep=None, packages_skip_up_to=None, packages_select_build_failed=False, packages_skip_build_finished=False, packages_select_test_failures=False, packages_skip_test_passed=False, packages_select=None, packages_skip=None, packages_select_regex=None, packages_skip_regex=None, packages_start=None, packages_end=None, allow_overriding=[], cmake_args=None, cmake_target=None, cmake_target_skip_unavailable=False, cmake_clean_cache=False, cmake_clean_first=False, cmake_force_configure=False, ament_cmake_args=None, catkin_cmake_args=None, catkin_skip_building_tests=False, verb_parser=<colcon_defaults.argument_parser.defaults.DefaultArgumentsDecorator object at 0x7cbaf0643640>, verb_extension=<colcon_core.verb.build.BuildVerb object at 0x7cbaf0643070>, main=<bound method BuildVerb.main of <colcon_core.verb.build.BuildVerb object at 0x7cbaf0643070>>)
[0.237s] Level 1:colcon.colcon_core.package_discovery:discover_packages(colcon_meta) check parameters
[0.237s] Level 1:colcon.colcon_core.package_discovery:discover_packages(recursive) check parameters
[0.237s] Level 1:colcon.colcon_core.package_discovery:discover_packages(ignore) check parameters
[0.237s] Level 1:colcon.colcon_core.package_discovery:discover_packages(path) check parameters
[0.237s] Level 1:colcon.colcon_core.package_discovery:discover_packages(colcon_meta) discover
[0.237s] Level 1:colcon.colcon_core.package_discovery:discover_packages(recursive) discover
[0.237s] INFO:colcon.colcon_core.package_discovery:Crawling recursively for packages in '/home/ytrobot/Dev/neomower/mower_ws'
[0.238s] Level 1:colcon.colcon_core.package_identification:_identify(.) by extensions ['ignore', 'ignore_ament_install']
[0.238s] Level 1:colcon.colcon_core.package_identification:_identify(.) by extension 'ignore'
[0.238s] Level 1:colcon.colcon_core.package_identification:_identify(.) by extension 'ignore_ament_install'
[0.238s] Level 1:colcon.colcon_core.package_identification:_identify(.) by extensions ['colcon_pkg']
[0.238s] Level 1:colcon.colcon_core.package_identification:_identify(.) by extension 'colcon_pkg'
[0.238s] Level 1:colcon.colcon_core.package_identification:_identify(.) by extensions ['colcon_meta']
[0.238s] Level 1:colcon.colcon_core.package_identification:_identify(.) by extension 'colcon_meta'
[0.238s] Level 1:colcon.colcon_core.package_identification:_identify(.) by extensions ['ros']
[0.238s] Level 1:colcon.colcon_core.package_identification:_identify(.) by extension 'ros'
[0.248s] Level 1:colcon.colcon_core.package_identification:_identify(.) by extensions ['cmake', 'python']
[0.248s] Level 1:colcon.colcon_core.package_identification:_identify(.) by extension 'cmake'
[0.248s] Level 1:colcon.colcon_core.package_identification:_identify(.) by extension 'python'
[0.248s] Level 1:colcon.colcon_core.package_identification:_identify(.) by extensions ['python_setup_py']
[0.248s] Level 1:colcon.colcon_core.package_identification:_identify(.) by extension 'python_setup_py'
[0.248s] Level 1:colcon.colcon_core.package_identification:_identify(build) by extensions ['ignore', 'ignore_ament_install']
[0.248s] Level 1:colcon.colcon_core.package_identification:_identify(build) by extension 'ignore'
[0.248s] Level 1:colcon.colcon_core.package_identification:_identify(build) ignored
[0.249s] Level 1:colcon.colcon_core.package_identification:_identify(install) by extensions ['ignore', 'ignore_ament_install']
[0.249s] Level 1:colcon.colcon_core.package_identification:_identify(install) by extension 'ignore'
[0.249s] Level 1:colcon.colcon_core.package_identification:_identify(install) ignored
[0.249s] Level 1:colcon.colcon_core.package_identification:_identify(log) by extensions ['ignore', 'ignore_ament_install']
[0.249s] Level 1:colcon.colcon_core.package_identification:_identify(log) by extension 'ignore'
[0.249s] Level 1:colcon.colcon_core.package_identification:_identify(log) ignored
[0.249s] Level 1:colcon.colcon_core.package_identification:_identify(src) by extensions ['ignore', 'ignore_ament_install']
[0.249s] Level 1:colcon.colcon_core.package_identification:_identify(src) by extension 'ignore'
[0.249s] Level 1:colcon.colcon_core.package_identification:_identify(src) by extension 'ignore_ament_install'
[0.249s] Level 1:colcon.colcon_core.package_identification:_identify(src) by extensions ['colcon_pkg']
[0.249s] Level 1:colcon.colcon_core.package_identification:_identify(src) by extension 'colcon_pkg'
[0.249s] Level 1:colcon.colcon_core.package_identification:_identify(src) by extensions ['colcon_meta']
[0.249s] Level 1:colcon.colcon_core.package_identification:_identify(src) by extension 'colcon_meta'
[0.249s] Level 1:colcon.colcon_core.package_identification:_identify(src) by extensions ['ros']
[0.249s] Level 1:colcon.colcon_core.package_identification:_identify(src) by extension 'ros'
[0.249s] Level 1:colcon.colcon_core.package_identification:_identify(src) by extensions ['cmake', 'python']
[0.249s] Level 1:colcon.colcon_core.package_identification:_identify(src) by extension 'cmake'
[0.250s] Level 1:colcon.colcon_core.package_identification:_identify(src) by extension 'python'
[0.250s] Level 1:colcon.colcon_core.package_identification:_identify(src) by extensions ['python_setup_py']
[0.250s] Level 1:colcon.colcon_core.package_identification:_identify(src) by extension 'python_setup_py'
[0.250s] Level 1:colcon.colcon_core.package_identification:_identify(src/mower_bringup) by extensions ['ignore', 'ignore_ament_install']
[0.250s] Level 1:colcon.colcon_core.package_identification:_identify(src/mower_bringup) by extension 'ignore'
[0.250s] Level 1:colcon.colcon_core.package_identification:_identify(src/mower_bringup) by extension 'ignore_ament_install'
[0.250s] Level 1:colcon.colcon_core.package_identification:_identify(src/mower_bringup) by extensions ['colcon_pkg']
[0.250s] Level 1:colcon.colcon_core.package_identification:_identify(src/mower_bringup) by extension 'colcon_pkg'
[0.250s] Level 1:colcon.colcon_core.package_identification:_identify(src/mower_bringup) by extensions ['colcon_meta']
[0.250s] Level 1:colcon.colcon_core.package_identification:_identify(src/mower_bringup) by extension 'colcon_meta'
[0.250s] Level 1:colcon.colcon_core.package_identification:_identify(src/mower_bringup) by extensions ['ros']
[0.250s] Level 1:colcon.colcon_core.package_identification:_identify(src/mower_bringup) by extension 'ros'
[0.252s] DEBUG:colcon.colcon_core.package_identification:Package 'src/mower_bringup' with type 'ros.ament_cmake' and name 'mower_bringup'
[0.252s] Level 1:colcon.colcon_core.package_identification:_identify(src/mower_control) by extensions ['ignore', 'ignore_ament_install']
[0.252s] Level 1:colcon.colcon_core.package_identification:_identify(src/mower_control) by extension 'ignore'
[0.253s] Level 1:colcon.colcon_core.package_identification:_identify(src/mower_control) by extension 'ignore_ament_install'
[0.253s] Level 1:colcon.colcon_core.package_identification:_identify(src/mower_control) by extensions ['colcon_pkg']
[0.253s] Level 1:colcon.colcon_core.package_identification:_identify(src/mower_control) by extension 'colcon_pkg'
[0.253s] Level 1:colcon.colcon_core.package_identification:_identify(src/mower_control) by extensions ['colcon_meta']
[0.253s] Level 1:colcon.colcon_core.package_identification:_identify(src/mower_control) by extension 'colcon_meta'
[0.253s] Level 1:colcon.colcon_core.package_identification:_identify(src/mower_control) by extensions ['ros']
[0.253s] Level 1:colcon.colcon_core.package_identification:_identify(src/mower_control) by extension 'ros'
[0.254s] DEBUG:colcon.colcon_core.package_identification:Package 'src/mower_control' with type 'ros.ament_python' and name 'mower_control'
[0.254s] Level 1:colcon.colcon_core.package_identification:_identify(src/mower_description) by extensions ['ignore', 'ignore_ament_install']
[0.254s] Level 1:colcon.colcon_core.package_identification:_identify(src/mower_description) by extension 'ignore'
[0.254s] Level 1:colcon.colcon_core.package_identification:_identify(src/mower_description) by extension 'ignore_ament_install'
[0.254s] Level 1:colcon.colcon_core.package_identification:_identify(src/mower_description) by extensions ['colcon_pkg']
[0.254s] Level 1:colcon.colcon_core.package_identification:_identify(src/mower_description) by extension 'colcon_pkg'
[0.254s] Level 1:colcon.colcon_core.package_identification:_identify(src/mower_description) by extensions ['colcon_meta']
[0.254s] Level 1:colcon.colcon_core.package_identification:_identify(src/mower_description) by extension 'colcon_meta'
[0.254s] Level 1:colcon.colcon_core.package_identification:_identify(src/mower_description) by extensions ['ros']
[0.254s] Level 1:colcon.colcon_core.package_identification:_identify(src/mower_description) by extension 'ros'
[0.255s] DEBUG:colcon.colcon_core.package_identification:Package 'src/mower_description' with type 'ros.ament_cmake' and name 'mower_description'
[0.255s] Level 1:colcon.colcon_core.package_identification:_identify(src/mower_interfaces) by extensions ['ignore', 'ignore_ament_install']
[0.255s] Level 1:colcon.colcon_core.package_identification:_identify(src/mower_interfaces) by extension 'ignore'
[0.255s] Level 1:colcon.colcon_core.package_identification:_identify(src/mower_interfaces) by extension 'ignore_ament_install'
[0.255s] Level 1:colcon.colcon_core.package_identification:_identify(src/mower_interfaces) by extensions ['colcon_pkg']
[0.255s] Level 1:colcon.colcon_core.package_identification:_identify(src/mower_interfaces) by extension 'colcon_pkg'
[0.255s] Level 1:colcon.colcon_core.package_identification:_identify(src/mower_interfaces) by extensions ['colcon_meta']
[0.255s] Level 1:colcon.colcon_core.package_identification:_identify(src/mower_interfaces) by extension 'colcon_meta'
[0.255s] Level 1:colcon.colcon_core.package_identification:_identify(src/mower_interfaces) by extensions ['ros']
[0.255s] Level 1:colcon.colcon_core.package_identification:_identify(src/mower_interfaces) by extension 'ros'
[0.256s] DEBUG:colcon.colcon_core.package_identification:Package 'src/mower_interfaces' with type 'ros.ament_cmake' and name 'mower_interfaces'
[0.256s] Level 1:colcon.colcon_core.package_identification:_identify(src/mower_sim) by extensions ['ignore', 'ignore_ament_install']
[0.256s] Level 1:colcon.colcon_core.package_identification:_identify(src/mower_sim) by extension 'ignore'
[0.256s] Level 1:colcon.colcon_core.package_identification:_identify(src/mower_sim) by extension 'ignore_ament_install'
[0.256s] Level 1:colcon.colcon_core.package_identification:_identify(src/mower_sim) by extensions ['colcon_pkg']
[0.256s] Level 1:colcon.colcon_core.package_identification:_identify(src/mower_sim) by extension 'colcon_pkg'
[0.256s] Level 1:colcon.colcon_core.package_identification:_identify(src/mower_sim) by extensions ['colcon_meta']
[0.256s] Level 1:colcon.colcon_core.package_identification:_identify(src/mower_sim) by extension 'colcon_meta'
[0.256s] Level 1:colcon.colcon_core.package_identification:_identify(src/mower_sim) by extensions ['ros']
[0.256s] Level 1:colcon.colcon_core.package_identification:_identify(src/mower_sim) by extension 'ros'
[0.257s] DEBUG:colcon.colcon_core.package_identification:Package 'src/mower_sim' with type 'ros.ament_cmake' and name 'mower_sim'
[0.257s] Level 1:colcon.colcon_core.package_discovery:discover_packages(recursive) using defaults
[0.257s] Level 1:colcon.colcon_core.package_discovery:discover_packages(ignore) discover
[0.257s] Level 1:colcon.colcon_core.package_discovery:discover_packages(ignore) using defaults
[0.257s] Level 1:colcon.colcon_core.package_discovery:discover_packages(path) discover
[0.257s] Level 1:colcon.colcon_core.package_discovery:discover_packages(path) using defaults
[0.278s] Level 1:colcon.colcon_core.package_discovery:discover_packages(prefix_path) check parameters
[0.278s] Level 1:colcon.colcon_core.package_discovery:discover_packages(prefix_path) discover
[0.279s] WARNING:colcon.colcon_ros.prefix_path.ament:The path '/home/ytrobot/Dev/neomower/mower_ws/install/mower_bringup' in the environment variable AMENT_PREFIX_PATH doesn't exist
[0.279s] WARNING:colcon.colcon_ros.prefix_path.ament:The path '/home/ytrobot/Dev/neomower/mower_ws/install/mower_sim' in the environment variable AMENT_PREFIX_PATH doesn't exist
[0.279s] WARNING:colcon.colcon_ros.prefix_path.ament:The path '/home/ytrobot/Dev/neomower/mower_ws/install/mower_interfaces' in the environment variable AMENT_PREFIX_PATH doesn't exist
[0.279s] WARNING:colcon.colcon_ros.prefix_path.ament:The path '/home/ytrobot/Dev/neomower/mower_ws/install/mower_description' in the environment variable AMENT_PREFIX_PATH doesn't exist
[0.279s] WARNING:colcon.colcon_ros.prefix_path.ament:The path '/home/ytrobot/Dev/neomower/mower_ws/install/mower_control' in the environment variable AMENT_PREFIX_PATH doesn't exist
[0.279s] WARNING:colcon.colcon_ros.prefix_path.catkin:The path '/home/ytrobot/Dev/neomower/mower_ws/install/mower_bringup' in the environment variable CMAKE_PREFIX_PATH doesn't exist
[0.279s] WARNING:colcon.colcon_ros.prefix_path.catkin:The path '/home/ytrobot/Dev/neomower/mower_ws/install/mower_sim' in the environment variable CMAKE_PREFIX_PATH doesn't exist
[0.279s] WARNING:colcon.colcon_ros.prefix_path.catkin:The path '/home/ytrobot/Dev/neomower/mower_ws/install/mower_interfaces' in the environment variable CMAKE_PREFIX_PATH doesn't exist
[0.279s] WARNING:colcon.colcon_ros.prefix_path.catkin:The path '/home/ytrobot/Dev/neomower/mower_ws/install/mower_description' in the environment variable CMAKE_PREFIX_PATH doesn't exist
[0.280s] DEBUG:colcon.colcon_installed_package_information.package_discovery:Found 0 installed packages in /home/ytrobot/Dev/neomower/mower_ws/install
[0.280s] DEBUG:colcon.colcon_installed_package_information.package_discovery:Found 0 installed packages in /home/ytrobot/ros2_ws/install
[0.282s] DEBUG:colcon.colcon_installed_package_information.package_discovery:Found 324 installed packages in /opt/ros/humble
[0.293s] Level 1:colcon.colcon_core.package_discovery:discover_packages(prefix_path) using defaults
[0.338s] Level 5:colcon.colcon_core.verb:set package 'mower_control' build argument 'cmake_args' from command line to 'None'
[0.338s] Level 5:colcon.colcon_core.verb:set package 'mower_control' build argument 'cmake_target' from command line to 'None'
[0.338s] Level 5:colcon.colcon_core.verb:set package 'mower_control' build argument 'cmake_target_skip_unavailable' from command line to 'False'
[0.338s] Level 5:colcon.colcon_core.verb:set package 'mower_control' build argument 'cmake_clean_cache' from command line to 'False'
[0.338s] Level 5:colcon.colcon_core.verb:set package 'mower_control' build argument 'cmake_clean_first' from command line to 'False'
[0.338s] Level 5:colcon.colcon_core.verb:set package 'mower_control' build argument 'cmake_force_configure' from command line to 'False'
[0.338s] Level 5:colcon.colcon_core.verb:set package 'mower_control' build argument 'ament_cmake_args' from command line to 'None'
[0.338s] Level 5:colcon.colcon_core.verb:set package 'mower_control' build argument 'catkin_cmake_args' from command line to 'None'
[0.338s] Level 5:colcon.colcon_core.verb:set package 'mower_control' build argument 'catkin_skip_building_tests' from command line to 'False'
[0.338s] DEBUG:colcon.colcon_core.verb:Building package 'mower_control' with the following arguments: {'ament_cmake_args': None, 'build_base': '/home/ytrobot/Dev/neomower/mower_ws/build/mower_control', 'catkin_cmake_args': None, 'catkin_skip_building_tests': False, 'cmake_args': None, 'cmake_clean_cache': False, 'cmake_clean_first': False, 'cmake_force_configure': False, 'cmake_target': None, 'cmake_target_skip_unavailable': False, 'install_base': '/home/ytrobot/Dev/neomower/mower_ws/install/mower_control', 'merge_install': False, 'path': '/home/ytrobot/Dev/neomower/mower_ws/src/mower_control', 'symlink_install': True, 'test_result_base': None}
[0.339s] Level 5:colcon.colcon_core.verb:set package 'mower_description' build argument 'cmake_args' from command line to 'None'
[0.339s] Level 5:colcon.colcon_core.verb:set package 'mower_description' build argument 'cmake_target' from command line to 'None'
[0.339s] Level 5:colcon.colcon_core.verb:set package 'mower_description' build argument 'cmake_target_skip_unavailable' from command line to 'False'
[0.339s] Level 5:colcon.colcon_core.verb:set package 'mower_description' build argument 'cmake_clean_cache' from command line to 'False'
[0.339s] Level 5:colcon.colcon_core.verb:set package 'mower_description' build argument 'cmake_clean_first' from command line to 'False'
[0.339s] Level 5:colcon.colcon_core.verb:set package 'mower_description' build argument 'cmake_force_configure' from command line to 'False'
[0.339s] Level 5:colcon.colcon_core.verb:set package 'mower_description' build argument 'ament_cmake_args' from command line to 'None'
[0.339s] Level 5:colcon.colcon_core.verb:set package 'mower_description' build argument 'catkin_cmake_args' from command line to 'None'
[0.339s] Level 5:colcon.colcon_core.verb:set package 'mower_description' build argument 'catkin_skip_building_tests' from command line to 'False'
[0.339s] DEBUG:colcon.colcon_core.verb:Building package 'mower_description' with the following arguments: {'ament_cmake_args': None, 'build_base': '/home/ytrobot/Dev/neomower/mower_ws/build/mower_description', 'catkin_cmake_args': None, 'catkin_skip_building_tests': False, 'cmake_args': None, 'cmake_clean_cache': False, 'cmake_clean_first': False, 'cmake_force_configure': False, 'cmake_target': None, 'cmake_target_skip_unavailable': False, 'install_base': '/home/ytrobot/Dev/neomower/mower_ws/install/mower_description', 'merge_install': False, 'path': '/home/ytrobot/Dev/neomower/mower_ws/src/mower_description', 'symlink_install': True, 'test_result_base': None}
[0.339s] Level 5:colcon.colcon_core.verb:set package 'mower_interfaces' build argument 'cmake_args' from command line to 'None'
[0.339s] Level 5:colcon.colcon_core.verb:set package 'mower_interfaces' build argument 'cmake_target' from command line to 'None'
[0.339s] Level 5:colcon.colcon_core.verb:set package 'mower_interfaces' build argument 'cmake_target_skip_unavailable' from command line to 'False'
[0.339s] Level 5:colcon.colcon_core.verb:set package 'mower_interfaces' build argument 'cmake_clean_cache' from command line to 'False'
[0.339s] Level 5:colcon.colcon_core.verb:set package 'mower_interfaces' build argument 'cmake_clean_first' from command line to 'False'
[0.340s] Level 5:colcon.colcon_core.verb:set package 'mower_interfaces' build argument 'cmake_force_configure' from command line to 'False'
[0.340s] Level 5:colcon.colcon_core.verb:set package 'mower_interfaces' build argument 'ament_cmake_args' from command line to 'None'
[0.340s] Level 5:colcon.colcon_core.verb:set package 'mower_interfaces' build argument 'catkin_cmake_args' from command line to 'None'
[0.340s] Level 5:colcon.colcon_core.verb:set package 'mower_interfaces' build argument 'catkin_skip_building_tests' from command line to 'False'
[0.340s] DEBUG:colcon.colcon_core.verb:Building package 'mower_interfaces' with the following arguments: {'ament_cmake_args': None, 'build_base': '/home/ytrobot/Dev/neomower/mower_ws/build/mower_interfaces', 'catkin_cmake_args': None, 'catkin_skip_building_tests': False, 'cmake_args': None, 'cmake_clean_cache': False, 'cmake_clean_first': False, 'cmake_force_configure': False, 'cmake_target': None, 'cmake_target_skip_unavailable': False, 'install_base': '/home/ytrobot/Dev/neomower/mower_ws/install/mower_interfaces', 'merge_install': False, 'path': '/home/ytrobot/Dev/neomower/mower_ws/src/mower_interfaces', 'symlink_install': True, 'test_result_base': None}
[0.340s] Level 5:colcon.colcon_core.verb:set package 'mower_sim' build argument 'cmake_args' from command line to 'None'
[0.340s] Level 5:colcon.colcon_core.verb:set package 'mower_sim' build argument 'cmake_target' from command line to 'None'
[0.340s] Level 5:colcon.colcon_core.verb:set package 'mower_sim' build argument 'cmake_target_skip_unavailable' from command line to 'False'
[0.340s] Level 5:colcon.colcon_core.verb:set package 'mower_sim' build argument 'cmake_clean_cache' from command line to 'False'
[0.340s] Level 5:colcon.colcon_core.verb:set package 'mower_sim' build argument 'cmake_clean_first' from command line to 'False'
[0.340s] Level 5:colcon.colcon_core.verb:set package 'mower_sim' build argument 'cmake_force_configure' from command line to 'False'
[0.340s] Level 5:colcon.colcon_core.verb:set package 'mower_sim' build argument 'ament_cmake_args' from command line to 'None'
[0.340s] Level 5:colcon.colcon_core.verb:set package 'mower_sim' build argument 'catkin_cmake_args' from command line to 'None'
[0.340s] Level 5:colcon.colcon_core.verb:set package 'mower_sim' build argument 'catkin_skip_building_tests' from command line to 'False'
[0.340s] DEBUG:colcon.colcon_core.verb:Building package 'mower_sim' with the following arguments: {'ament_cmake_args': None, 'build_base': '/home/ytrobot/Dev/neomower/mower_ws/build/mower_sim', 'catkin_cmake_args': None, 'catkin_skip_building_tests': False, 'cmake_args': None, 'cmake_clean_cache': False, 'cmake_clean_first': False, 'cmake_force_configure': False, 'cmake_target': None, 'cmake_target_skip_unavailable': False, 'install_base': '/home/ytrobot/Dev/neomower/mower_ws/install/mower_sim', 'merge_install': False, 'path': '/home/ytrobot/Dev/neomower/mower_ws/src/mower_sim', 'symlink_install': True, 'test_result_base': None}
[0.341s] Level 5:colcon.colcon_core.verb:set package 'mower_bringup' build argument 'cmake_args' from command line to 'None'
[0.341s] Level 5:colcon.colcon_core.verb:set package 'mower_bringup' build argument 'cmake_target' from command line to 'None'
[0.341s] Level 5:colcon.colcon_core.verb:set package 'mower_bringup' build argument 'cmake_target_skip_unavailable' from command line to 'False'
[0.341s] Level 5:colcon.colcon_core.verb:set package 'mower_bringup' build argument 'cmake_clean_cache' from command line to 'False'
[0.341s] Level 5:colcon.colcon_core.verb:set package 'mower_bringup' build argument 'cmake_clean_first' from command line to 'False'
[0.341s] Level 5:colcon.colcon_core.verb:set package 'mower_bringup' build argument 'cmake_force_configure' from command line to 'False'
[0.341s] Level 5:colcon.colcon_core.verb:set package 'mower_bringup' build argument 'ament_cmake_args' from command line to 'None'
[0.341s] Level 5:colcon.colcon_core.verb:set package 'mower_bringup' build argument 'catkin_cmake_args' from command line to 'None'
[0.341s] Level 5:colcon.colcon_core.verb:set package 'mower_bringup' build argument 'catkin_skip_building_tests' from command line to 'False'
[0.341s] DEBUG:colcon.colcon_core.verb:Building package 'mower_bringup' with the following arguments: {'ament_cmake_args': None, 'build_base': '/home/ytrobot/Dev/neomower/mower_ws/build/mower_bringup', 'catkin_cmake_args': None, 'catkin_skip_building_tests': False, 'cmake_args': None, 'cmake_clean_cache': False, 'cmake_clean_first': False, 'cmake_force_configure': False, 'cmake_target': None, 'cmake_target_skip_unavailable': False, 'install_base': '/home/ytrobot/Dev/neomower/mower_ws/install/mower_bringup', 'merge_install': False, 'path': '/home/ytrobot/Dev/neomower/mower_ws/src/mower_bringup', 'symlink_install': True, 'test_result_base': None}
[0.341s] INFO:colcon.colcon_core.executor:Executing jobs using 'parallel' executor
[0.342s] DEBUG:colcon.colcon_parallel_executor.executor.parallel:run_until_complete
[0.342s] INFO:colcon.colcon_ros.task.ament_cmake.build:Building ROS package in '/home/ytrobot/Dev/neomower/mower_ws/src/mower_description' with build type 'ament_cmake'
[0.342s] INFO:colcon.colcon_cmake.task.cmake.build:Building CMake package in '/home/ytrobot/Dev/neomower/mower_ws/src/mower_description'
[0.345s] INFO:colcon.colcon_core.plugin_system:Skipping extension 'colcon_core.shell.bat': Not used on non-Windows systems
[0.345s] INFO:colcon.colcon_core.shell:Skip shell extension 'powershell' for command environment: Not usable outside of PowerShell
[0.345s] DEBUG:colcon.colcon_core.shell:Skip shell extension 'dsv' for command environment
[0.349s] INFO:colcon.colcon_ros.task.ament_python.build:Building ROS package in '/home/ytrobot/Dev/neomower/mower_ws/src/mower_control' with build type 'ament_python'
[0.349s] Level 1:colcon.colcon_core.shell:create_environment_hook('mower_control', 'ament_prefix_path')
[0.349s] INFO:colcon.colcon_core.shell:Creating environment hook '/home/ytrobot/Dev/neomower/mower_ws/install/mower_control/share/mower_control/hook/ament_prefix_path.ps1'
[0.350s] INFO:colcon.colcon_core.shell:Creating environment descriptor '/home/ytrobot/Dev/neomower/mower_ws/install/mower_control/share/mower_control/hook/ament_prefix_path.dsv'
[0.350s] INFO:colcon.colcon_core.shell:Creating environment hook '/home/ytrobot/Dev/neomower/mower_ws/install/mower_control/share/mower_control/hook/ament_prefix_path.sh'
[0.351s] INFO:colcon.colcon_core.shell:Skip shell extension 'powershell' for command environment: Not usable outside of PowerShell
[0.351s] DEBUG:colcon.colcon_core.shell:Skip shell extension 'dsv' for command environment
[0.355s] INFO:colcon.colcon_ros.task.ament_cmake.build:Building ROS package in '/home/ytrobot/Dev/neomower/mower_ws/src/mower_interfaces' with build type 'ament_cmake'
[0.355s] INFO:colcon.colcon_cmake.task.cmake.build:Building CMake package in '/home/ytrobot/Dev/neomower/mower_ws/src/mower_interfaces'
[0.355s] INFO:colcon.colcon_core.shell:Skip shell extension 'powershell' for command environment: Not usable outside of PowerShell
[0.355s] DEBUG:colcon.colcon_core.shell:Skip shell extension 'dsv' for command environment
[0.365s] DEBUG:colcon.colcon_core.event_handler.log_command:Invoking command in '/home/ytrobot/Dev/neomower/mower_ws/build/mower_description': CMAKE_PREFIX_PATH=${CMAKE_PREFIX_PATH}:/home/ytrobot/Dev/neomower/mower_ws/install/mower_control:/opt/ros/humble /usr/bin/cmake /home/ytrobot/Dev/neomower/mower_ws/src/mower_description -DAMENT_CMAKE_SYMLINK_INSTALL=1 -DCMAKE_INSTALL_PREFIX=/home/ytrobot/Dev/neomower/mower_ws/install/mower_description
[0.620s] INFO:colcon.colcon_core.task.python.build:Building Python package in '/home/ytrobot/Dev/neomower/mower_ws/src/mower_control'
[0.621s] INFO:colcon.colcon_core.shell:Skip shell extension 'powershell' for command environment: Not usable outside of PowerShell
[0.621s] DEBUG:colcon.colcon_core.shell:Skip shell extension 'dsv' for command environment
[0.630s] DEBUG:colcon.colcon_core.event_handler.log_command:Invoking command in '/home/ytrobot/Dev/neomower/mower_ws/build/mower_interfaces': CMAKE_PREFIX_PATH=${CMAKE_PREFIX_PATH}:/home/ytrobot/Dev/neomower/mower_ws/install/mower_control:/opt/ros/humble /usr/bin/cmake /home/ytrobot/Dev/neomower/mower_ws/src/mower_interfaces -DAMENT_CMAKE_SYMLINK_INSTALL=1 -DCMAKE_INSTALL_PREFIX=/home/ytrobot/Dev/neomower/mower_ws/install/mower_interfaces
[0.964s] DEBUG:colcon.colcon_core.event_handler.log_command:Invoking command in '/home/ytrobot/Dev/neomower/mower_ws/build/mower_control': PYTHONPATH=/home/ytrobot/Dev/neomower/mower_ws/build/mower_control/prefix_override:/usr/lib/python3/dist-packages/colcon_core/task/python/colcon_distutils_commands:/home/ytrobot/Dev/neomower/mower_ws/install/mower_control/lib/python3.10/site-packages:${PYTHONPATH} /usr/bin/python3 -W ignore:setup.py install is deprecated -W ignore:easy_install command is deprecated setup.py develop --editable --build-directory /home/ytrobot/Dev/neomower/mower_ws/build/mower_control/build --no-deps symlink_data
[0.992s] DEBUG:colcon.colcon_core.event_handler.log_command:Invoked command in '/home/ytrobot/Dev/neomower/mower_ws/build/mower_description' returned '0': CMAKE_PREFIX_PATH=${CMAKE_PREFIX_PATH}:/home/ytrobot/Dev/neomower/mower_ws/install/mower_control:/opt/ros/humble /usr/bin/cmake /home/ytrobot/Dev/neomower/mower_ws/src/mower_description -DAMENT_CMAKE_SYMLINK_INSTALL=1 -DCMAKE_INSTALL_PREFIX=/home/ytrobot/Dev/neomower/mower_ws/install/mower_description
[0.993s] DEBUG:colcon.colcon_core.event_handler.log_command:Invoking command in '/home/ytrobot/Dev/neomower/mower_ws/build/mower_description': CMAKE_PREFIX_PATH=${CMAKE_PREFIX_PATH}:/home/ytrobot/Dev/neomower/mower_ws/install/mower_control:/opt/ros/humble /usr/bin/cmake --build /home/ytrobot/Dev/neomower/mower_ws/build/mower_description -- -j8 -l8
[1.032s] DEBUG:colcon.colcon_core.event_handler.log_command:Invoked command in '/home/ytrobot/Dev/neomower/mower_ws/build/mower_description' returned '0': CMAKE_PREFIX_PATH=${CMAKE_PREFIX_PATH}:/home/ytrobot/Dev/neomower/mower_ws/install/mower_control:/opt/ros/humble /usr/bin/cmake --build /home/ytrobot/Dev/neomower/mower_ws/build/mower_description -- -j8 -l8
[1.043s] DEBUG:colcon.colcon_core.event_handler.log_command:Invoking command in '/home/ytrobot/Dev/neomower/mower_ws/build/mower_description': CMAKE_PREFIX_PATH=${CMAKE_PREFIX_PATH}:/home/ytrobot/Dev/neomower/mower_ws/install/mower_control:/opt/ros/humble /usr/bin/cmake --install /home/ytrobot/Dev/neomower/mower_ws/build/mower_description
[1.218s] Level 1:colcon.colcon_core.environment:create_environment_scripts_only(mower_description)
[1.219s] DEBUG:colcon.colcon_core.event_handler.log_command:Invoked command in '/home/ytrobot/Dev/neomower/mower_ws/build/mower_description' returned '0': CMAKE_PREFIX_PATH=${CMAKE_PREFIX_PATH}:/home/ytrobot/Dev/neomower/mower_ws/install/mower_control:/opt/ros/humble /usr/bin/cmake --install /home/ytrobot/Dev/neomower/mower_ws/build/mower_description
[1.221s] Level 1:colcon.colcon_core.environment:checking '/home/ytrobot/Dev/neomower/mower_ws/install/mower_description' for CMake module files
[1.221s] Level 1:colcon.colcon_core.environment:checking '/home/ytrobot/Dev/neomower/mower_ws/install/mower_description' for CMake config files
[1.221s] Level 1:colcon.colcon_core.shell:create_environment_hook('mower_description', 'cmake_prefix_path')
[1.222s] INFO:colcon.colcon_core.shell:Creating environment hook '/home/ytrobot/Dev/neomower/mower_ws/install/mower_description/share/mower_description/hook/cmake_prefix_path.ps1'
[1.222s] INFO:colcon.colcon_core.shell:Creating environment descriptor '/home/ytrobot/Dev/neomower/mower_ws/install/mower_description/share/mower_description/hook/cmake_prefix_path.dsv'
[1.222s] INFO:colcon.colcon_core.shell:Creating environment hook '/home/ytrobot/Dev/neomower/mower_ws/install/mower_description/share/mower_description/hook/cmake_prefix_path.sh'
[1.223s] Level 1:colcon.colcon_core.environment:checking '/home/ytrobot/Dev/neomower/mower_ws/install/mower_description/bin'
[1.223s] Level 1:colcon.colcon_core.environment:checking '/home/ytrobot/Dev/neomower/mower_ws/install/mower_description/lib/pkgconfig/mower_description.pc'
[1.223s] Level 1:colcon.colcon_core.environment:checking '/home/ytrobot/Dev/neomower/mower_ws/install/mower_description/lib/python3.10/site-packages'
[1.224s] Level 1:colcon.colcon_core.environment:checking '/home/ytrobot/Dev/neomower/mower_ws/install/mower_description/bin'
[1.224s] INFO:colcon.colcon_core.shell:Creating package script '/home/ytrobot/Dev/neomower/mower_ws/install/mower_description/share/mower_description/package.ps1'
[1.225s] INFO:colcon.colcon_core.shell:Creating package descriptor '/home/ytrobot/Dev/neomower/mower_ws/install/mower_description/share/mower_description/package.dsv'
[1.225s] INFO:colcon.colcon_core.shell:Creating package script '/home/ytrobot/Dev/neomower/mower_ws/install/mower_description/share/mower_description/package.sh'
[1.227s] INFO:colcon.colcon_core.shell:Creating package script '/home/ytrobot/Dev/neomower/mower_ws/install/mower_description/share/mower_description/package.bash'
[1.227s] INFO:colcon.colcon_core.shell:Creating package script '/home/ytrobot/Dev/neomower/mower_ws/install/mower_description/share/mower_description/package.zsh'
[1.228s] Level 1:colcon.colcon_core.environment:create_file_with_runtime_dependencies(/home/ytrobot/Dev/neomower/mower_ws/install/mower_description/share/colcon-core/packages/mower_description)
[1.229s] Level 1:colcon.colcon_core.environment:create_environment_scripts_only(mower_description)
[1.229s] Level 1:colcon.colcon_core.environment:checking '/home/ytrobot/Dev/neomower/mower_ws/install/mower_description' for CMake module files
[1.230s] Level 1:colcon.colcon_core.environment:checking '/home/ytrobot/Dev/neomower/mower_ws/install/mower_description' for CMake config files
[1.230s] Level 1:colcon.colcon_core.shell:create_environment_hook('mower_description', 'cmake_prefix_path')
[1.230s] INFO:colcon.colcon_core.shell:Creating environment hook '/home/ytrobot/Dev/neomower/mower_ws/install/mower_description/share/mower_description/hook/cmake_prefix_path.ps1'
[1.231s] INFO:colcon.colcon_core.shell:Creating environment descriptor '/home/ytrobot/Dev/neomower/mower_ws/install/mower_description/share/mower_description/hook/cmake_prefix_path.dsv'
[1.231s] INFO:colcon.colcon_core.shell:Creating environment hook '/home/ytrobot/Dev/neomower/mower_ws/install/mower_description/share/mower_description/hook/cmake_prefix_path.sh'
[1.232s] Level 1:colcon.colcon_core.environment:checking '/home/ytrobot/Dev/neomower/mower_ws/install/mower_description/bin'
[1.232s] Level 1:colcon.colcon_core.environment:checking '/home/ytrobot/Dev/neomower/mower_ws/install/mower_description/lib/pkgconfig/mower_description.pc'
[1.232s] Level 1:colcon.colcon_core.environment:checking '/home/ytrobot/Dev/neomower/mower_ws/install/mower_description/lib/python3.10/site-packages'
[1.233s] Level 1:colcon.colcon_core.environment:checking '/home/ytrobot/Dev/neomower/mower_ws/install/mower_description/bin'
[1.233s] INFO:colcon.colcon_core.shell:Creating package script '/home/ytrobot/Dev/neomower/mower_ws/install/mower_description/share/mower_description/package.ps1'
[1.234s] INFO:colcon.colcon_core.shell:Creating package descriptor '/home/ytrobot/Dev/neomower/mower_ws/install/mower_description/share/mower_description/package.dsv'
[1.234s] INFO:colcon.colcon_core.shell:Creating package script '/home/ytrobot/Dev/neomower/mower_ws/install/mower_description/share/mower_description/package.sh'
[1.235s] INFO:colcon.colcon_core.shell:Creating package script '/home/ytrobot/Dev/neomower/mower_ws/install/mower_description/share/mower_description/package.bash'
[1.236s] INFO:colcon.colcon_core.shell:Creating package script '/home/ytrobot/Dev/neomower/mower_ws/install/mower_description/share/mower_description/package.zsh'
[1.236s] Level 1:colcon.colcon_core.environment:create_file_with_runtime_dependencies(/home/ytrobot/Dev/neomower/mower_ws/install/mower_description/share/colcon-core/packages/mower_description)
[1.237s] INFO:colcon.colcon_ros.task.ament_cmake.build:Building ROS package in '/home/ytrobot/Dev/neomower/mower_ws/src/mower_sim' with build type 'ament_cmake'
[1.237s] INFO:colcon.colcon_cmake.task.cmake.build:Building CMake package in '/home/ytrobot/Dev/neomower/mower_ws/src/mower_sim'
[1.237s] INFO:colcon.colcon_core.shell:Skip shell extension 'powershell' for command environment: Not usable outside of PowerShell
[1.237s] DEBUG:colcon.colcon_core.shell:Skip shell extension 'dsv' for command environment
[1.248s] DEBUG:colcon.colcon_core.event_handler.log_command:Invoking command in '/home/ytrobot/Dev/neomower/mower_ws/build/mower_sim': CMAKE_PREFIX_PATH=/home/ytrobot/Dev/neomower/mower_ws/install/mower_description:/home/ytrobot/Dev/neomower/mower_ws/install/mower_bringup:/home/ytrobot/Dev/neomower/mower_ws/install/mower_sim:/home/ytrobot/Dev/neomower/mower_ws/install/mower_interfaces:/home/ytrobot/Dev/neomower/mower_ws/install/mower_control:/opt/ros/humble /usr/bin/cmake /home/ytrobot/Dev/neomower/mower_ws/src/mower_sim -DAMENT_CMAKE_SYMLINK_INSTALL=1 -DCMAKE_INSTALL_PREFIX=/home/ytrobot/Dev/neomower/mower_ws/install/mower_sim
[1.283s] DEBUG:colcon.colcon_core.event_handler.log_command:Invoked command in '/home/ytrobot/Dev/neomower/mower_ws/build/mower_interfaces' returned '0': CMAKE_PREFIX_PATH=${CMAKE_PREFIX_PATH}:/home/ytrobot/Dev/neomower/mower_ws/install/mower_control:/opt/ros/humble /usr/bin/cmake /home/ytrobot/Dev/neomower/mower_ws/src/mower_interfaces -DAMENT_CMAKE_SYMLINK_INSTALL=1 -DCMAKE_INSTALL_PREFIX=/home/ytrobot/Dev/neomower/mower_ws/install/mower_interfaces
[1.285s] DEBUG:colcon.colcon_core.event_handler.log_command:Invoking command in '/home/ytrobot/Dev/neomower/mower_ws/build/mower_interfaces': CMAKE_PREFIX_PATH=${CMAKE_PREFIX_PATH}:/home/ytrobot/Dev/neomower/mower_ws/install/mower_control:/opt/ros/humble /usr/bin/cmake --build /home/ytrobot/Dev/neomower/mower_ws/build/mower_interfaces -- -j8 -l8
[1.329s] DEBUG:colcon.colcon_core.event_handler.log_command:Invoked command in '/home/ytrobot/Dev/neomower/mower_ws/build/mower_interfaces' returned '0': CMAKE_PREFIX_PATH=${CMAKE_PREFIX_PATH}:/home/ytrobot/Dev/neomower/mower_ws/install/mower_control:/opt/ros/humble /usr/bin/cmake --build /home/ytrobot/Dev/neomower/mower_ws/build/mower_interfaces -- -j8 -l8
[1.331s] DEBUG:colcon.colcon_core.event_handler.log_command:Invoking command in '/home/ytrobot/Dev/neomower/mower_ws/build/mower_interfaces': CMAKE_PREFIX_PATH=${CMAKE_PREFIX_PATH}:/home/ytrobot/Dev/neomower/mower_ws/install/mower_control:/opt/ros/humble /usr/bin/cmake --install /home/ytrobot/Dev/neomower/mower_ws/build/mower_interfaces
[1.430s] Level 1:colcon.colcon_core.shell:create_environment_hook('mower_control', 'pythonpath_develop')
[1.431s] INFO:colcon.colcon_core.shell:Creating environment hook '/home/ytrobot/Dev/neomower/mower_ws/build/mower_control/share/mower_control/hook/pythonpath_develop.ps1'
[1.431s] DEBUG:colcon.colcon_core.event_handler.log_command:Invoked command in '/home/ytrobot/Dev/neomower/mower_ws/build/mower_control' returned '0': PYTHONPATH=/home/ytrobot/Dev/neomower/mower_ws/build/mower_control/prefix_override:/usr/lib/python3/dist-packages/colcon_core/task/python/colcon_distutils_commands:/home/ytrobot/Dev/neomower/mower_ws/install/mower_control/lib/python3.10/site-packages:${PYTHONPATH} /usr/bin/python3 -W ignore:setup.py install is deprecated -W ignore:easy_install command is deprecated setup.py develop --editable --build-directory /home/ytrobot/Dev/neomower/mower_ws/build/mower_control/build --no-deps symlink_data
[1.432s] INFO:colcon.colcon_core.shell:Creating environment descriptor '/home/ytrobot/Dev/neomower/mower_ws/build/mower_control/share/mower_control/hook/pythonpath_develop.dsv'
[1.432s] INFO:colcon.colcon_core.shell:Creating environment hook '/home/ytrobot/Dev/neomower/mower_ws/build/mower_control/share/mower_control/hook/pythonpath_develop.sh'
[1.433s] Level 1:colcon.colcon_core.environment:checking '/home/ytrobot/Dev/neomower/mower_ws/install/mower_control' for CMake module files
[1.433s] Level 1:colcon.colcon_core.environment:checking '/home/ytrobot/Dev/neomower/mower_ws/install/mower_control' for CMake config files
[1.433s] Level 1:colcon.colcon_core.environment:checking '/home/ytrobot/Dev/neomower/mower_ws/install/mower_control/lib'
[1.434s] Level 1:colcon.colcon_core.environment:checking '/home/ytrobot/Dev/neomower/mower_ws/install/mower_control/bin'
[1.434s] Level 1:colcon.colcon_core.environment:checking '/home/ytrobot/Dev/neomower/mower_ws/install/mower_control/lib/pkgconfig/mower_control.pc'
[1.434s] Level 1:colcon.colcon_core.environment:checking '/home/ytrobot/Dev/neomower/mower_ws/install/mower_control/lib/python3.10/site-packages'
[1.434s] Level 1:colcon.colcon_core.shell:create_environment_hook('mower_control', 'pythonpath')
[1.434s] INFO:colcon.colcon_core.shell:Creating environment hook '/home/ytrobot/Dev/neomower/mower_ws/install/mower_control/share/mower_control/hook/pythonpath.ps1'
[1.435s] INFO:colcon.colcon_core.shell:Creating environment descriptor '/home/ytrobot/Dev/neomower/mower_ws/install/mower_control/share/mower_control/hook/pythonpath.dsv'
[1.435s] INFO:colcon.colcon_core.shell:Creating environment hook '/home/ytrobot/Dev/neomower/mower_ws/install/mower_control/share/mower_control/hook/pythonpath.sh'
[1.436s] Level 1:colcon.colcon_core.environment:checking '/home/ytrobot/Dev/neomower/mower_ws/install/mower_control/bin'
[1.436s] Level 1:colcon.colcon_core.environment:create_environment_scripts_only(mower_control)
[1.436s] INFO:colcon.colcon_core.shell:Creating package script '/home/ytrobot/Dev/neomower/mower_ws/install/mower_control/share/mower_control/package.ps1'
[1.437s] INFO:colcon.colcon_core.shell:Creating package descriptor '/home/ytrobot/Dev/neomower/mower_ws/install/mower_control/share/mower_control/package.dsv'
[1.437s] INFO:colcon.colcon_core.shell:Creating package script '/home/ytrobot/Dev/neomower/mower_ws/install/mower_control/share/mower_control/package.sh'
[1.438s] INFO:colcon.colcon_core.shell:Creating package script '/home/ytrobot/Dev/neomower/mower_ws/install/mower_control/share/mower_control/package.bash'
[1.438s] INFO:colcon.colcon_core.shell:Creating package script '/home/ytrobot/Dev/neomower/mower_ws/install/mower_control/share/mower_control/package.zsh'
[1.439s] Level 1:colcon.colcon_core.environment:create_file_with_runtime_dependencies(/home/ytrobot/Dev/neomower/mower_ws/install/mower_control/share/colcon-core/packages/mower_control)
[1.524s] Level 1:colcon.colcon_core.environment:create_environment_scripts_only(mower_interfaces)
[1.524s] Level 1:colcon.colcon_core.environment:checking '/home/ytrobot/Dev/neomower/mower_ws/install/mower_interfaces' for CMake module files
[1.525s] DEBUG:colcon.colcon_core.event_handler.log_command:Invoked command in '/home/ytrobot/Dev/neomower/mower_ws/build/mower_interfaces' returned '0': CMAKE_PREFIX_PATH=${CMAKE_PREFIX_PATH}:/home/ytrobot/Dev/neomower/mower_ws/install/mower_control:/opt/ros/humble /usr/bin/cmake --install /home/ytrobot/Dev/neomower/mower_ws/build/mower_interfaces
[1.525s] Level 1:colcon.colcon_core.environment:checking '/home/ytrobot/Dev/neomower/mower_ws/install/mower_interfaces' for CMake config files
[1.525s] Level 1:colcon.colcon_core.shell:create_environment_hook('mower_interfaces', 'cmake_prefix_path')
[1.526s] INFO:colcon.colcon_core.shell:Creating environment hook '/home/ytrobot/Dev/neomower/mower_ws/install/mower_interfaces/share/mower_interfaces/hook/cmake_prefix_path.ps1'
[1.526s] INFO:colcon.colcon_core.shell:Creating environment descriptor '/home/ytrobot/Dev/neomower/mower_ws/install/mower_interfaces/share/mower_interfaces/hook/cmake_prefix_path.dsv'
[1.526s] INFO:colcon.colcon_core.shell:Creating environment hook '/home/ytrobot/Dev/neomower/mower_ws/install/mower_interfaces/share/mower_interfaces/hook/cmake_prefix_path.sh'
[1.527s] Level 1:colcon.colcon_core.environment:checking '/home/ytrobot/Dev/neomower/mower_ws/install/mower_interfaces/bin'
[1.527s] Level 1:colcon.colcon_core.environment:checking '/home/ytrobot/Dev/neomower/mower_ws/install/mower_interfaces/lib/pkgconfig/mower_interfaces.pc'
[1.527s] Level 1:colcon.colcon_core.environment:checking '/home/ytrobot/Dev/neomower/mower_ws/install/mower_interfaces/lib/python3.10/site-packages'
[1.528s] Level 1:colcon.colcon_core.environment:checking '/home/ytrobot/Dev/neomower/mower_ws/install/mower_interfaces/bin'
[1.528s] INFO:colcon.colcon_core.shell:Creating package script '/home/ytrobot/Dev/neomower/mower_ws/install/mower_interfaces/share/mower_interfaces/package.ps1'
[1.528s] INFO:colcon.colcon_core.shell:Creating package descriptor '/home/ytrobot/Dev/neomower/mower_ws/install/mower_interfaces/share/mower_interfaces/package.dsv'
[1.529s] INFO:colcon.colcon_core.shell:Creating package script '/home/ytrobot/Dev/neomower/mower_ws/install/mower_interfaces/share/mower_interfaces/package.sh'
[1.529s] INFO:colcon.colcon_core.shell:Creating package script '/home/ytrobot/Dev/neomower/mower_ws/install/mower_interfaces/share/mower_interfaces/package.bash'
[1.529s] INFO:colcon.colcon_core.shell:Creating package script '/home/ytrobot/Dev/neomower/mower_ws/install/mower_interfaces/share/mower_interfaces/package.zsh'
[1.530s] Level 1:colcon.colcon_core.environment:create_file_with_runtime_dependencies(/home/ytrobot/Dev/neomower/mower_ws/install/mower_interfaces/share/colcon-core/packages/mower_interfaces)
[1.530s] Level 1:colcon.colcon_core.environment:create_environment_scripts_only(mower_interfaces)
[1.531s] Level 1:colcon.colcon_core.environment:checking '/home/ytrobot/Dev/neomower/mower_ws/install/mower_interfaces' for CMake module files
[1.531s] Level 1:colcon.colcon_core.environment:checking '/home/ytrobot/Dev/neomower/mower_ws/install/mower_interfaces' for CMake config files
[1.531s] Level 1:colcon.colcon_core.shell:create_environment_hook('mower_interfaces', 'cmake_prefix_path')
[1.531s] INFO:colcon.colcon_core.shell:Creating environment hook '/home/ytrobot/Dev/neomower/mower_ws/install/mower_interfaces/share/mower_interfaces/hook/cmake_prefix_path.ps1'
[1.532s] INFO:colcon.colcon_core.shell:Creating environment descriptor '/home/ytrobot/Dev/neomower/mower_ws/install/mower_interfaces/share/mower_interfaces/hook/cmake_prefix_path.dsv'
[1.532s] INFO:colcon.colcon_core.shell:Creating environment hook '/home/ytrobot/Dev/neomower/mower_ws/install/mower_interfaces/share/mower_interfaces/hook/cmake_prefix_path.sh'
[1.533s] Level 1:colcon.colcon_core.environment:checking '/home/ytrobot/Dev/neomower/mower_ws/install/mower_interfaces/bin'
[1.533s] Level 1:colcon.colcon_core.environment:checking '/home/ytrobot/Dev/neomower/mower_ws/install/mower_interfaces/lib/pkgconfig/mower_interfaces.pc'
[1.533s] Level 1:colcon.colcon_core.environment:checking '/home/ytrobot/Dev/neomower/mower_ws/install/mower_interfaces/lib/python3.10/site-packages'
[1.534s] Level 1:colcon.colcon_core.environment:checking '/home/ytrobot/Dev/neomower/mower_ws/install/mower_interfaces/bin'
[1.534s] INFO:colcon.colcon_core.shell:Creating package script '/home/ytrobot/Dev/neomower/mower_ws/install/mower_interfaces/share/mower_interfaces/package.ps1'
[1.535s] INFO:colcon.colcon_core.shell:Creating package descriptor '/home/ytrobot/Dev/neomower/mower_ws/install/mower_interfaces/share/mower_interfaces/package.dsv'
[1.535s] INFO:colcon.colcon_core.shell:Creating package script '/home/ytrobot/Dev/neomower/mower_ws/install/mower_interfaces/share/mower_interfaces/package.sh'
[1.536s] INFO:colcon.colcon_core.shell:Creating package script '/home/ytrobot/Dev/neomower/mower_ws/install/mower_interfaces/share/mower_interfaces/package.bash'
[1.536s] INFO:colcon.colcon_core.shell:Creating package script '/home/ytrobot/Dev/neomower/mower_ws/install/mower_interfaces/share/mower_interfaces/package.zsh'
[1.537s] Level 1:colcon.colcon_core.environment:create_file_with_runtime_dependencies(/home/ytrobot/Dev/neomower/mower_ws/install/mower_interfaces/share/colcon-core/packages/mower_interfaces)
[1.909s] DEBUG:colcon.colcon_core.event_handler.log_command:Invoked command in '/home/ytrobot/Dev/neomower/mower_ws/build/mower_sim' returned '0': CMAKE_PREFIX_PATH=/home/ytrobot/Dev/neomower/mower_ws/install/mower_description:/home/ytrobot/Dev/neomower/mower_ws/install/mower_bringup:/home/ytrobot/Dev/neomower/mower_ws/install/mower_sim:/home/ytrobot/Dev/neomower/mower_ws/install/mower_interfaces:/home/ytrobot/Dev/neomower/mower_ws/install/mower_control:/opt/ros/humble /usr/bin/cmake /home/ytrobot/Dev/neomower/mower_ws/src/mower_sim -DAMENT_CMAKE_SYMLINK_INSTALL=1 -DCMAKE_INSTALL_PREFIX=/home/ytrobot/Dev/neomower/mower_ws/install/mower_sim
[1.909s] DEBUG:colcon.colcon_core.event_handler.log_command:Invoking command in '/home/ytrobot/Dev/neomower/mower_ws/build/mower_sim': CMAKE_PREFIX_PATH=/home/ytrobot/Dev/neomower/mower_ws/install/mower_description:/home/ytrobot/Dev/neomower/mower_ws/install/mower_bringup:/home/ytrobot/Dev/neomower/mower_ws/install/mower_sim:/home/ytrobot/Dev/neomower/mower_ws/install/mower_interfaces:/home/ytrobot/Dev/neomower/mower_ws/install/mower_control:/opt/ros/humble /usr/bin/cmake --build /home/ytrobot/Dev/neomower/mower_ws/build/mower_sim -- -j8 -l8
[1.945s] DEBUG:colcon.colcon_core.event_handler.log_command:Invoked command in '/home/ytrobot/Dev/neomower/mower_ws/build/mower_sim' returned '0': CMAKE_PREFIX_PATH=/home/ytrobot/Dev/neomower/mower_ws/install/mower_description:/home/ytrobot/Dev/neomower/mower_ws/install/mower_bringup:/home/ytrobot/Dev/neomower/mower_ws/install/mower_sim:/home/ytrobot/Dev/neomower/mower_ws/install/mower_interfaces:/home/ytrobot/Dev/neomower/mower_ws/install/mower_control:/opt/ros/humble /usr/bin/cmake --build /home/ytrobot/Dev/neomower/mower_ws/build/mower_sim -- -j8 -l8
[1.947s] DEBUG:colcon.colcon_core.event_handler.log_command:Invoking command in '/home/ytrobot/Dev/neomower/mower_ws/build/mower_sim': CMAKE_PREFIX_PATH=/home/ytrobot/Dev/neomower/mower_ws/install/mower_description:/home/ytrobot/Dev/neomower/mower_ws/install/mower_bringup:/home/ytrobot/Dev/neomower/mower_ws/install/mower_sim:/home/ytrobot/Dev/neomower/mower_ws/install/mower_interfaces:/home/ytrobot/Dev/neomower/mower_ws/install/mower_control:/opt/ros/humble /usr/bin/cmake --install /home/ytrobot/Dev/neomower/mower_ws/build/mower_sim
[2.114s] Level 1:colcon.colcon_core.environment:create_environment_scripts_only(mower_sim)
[2.114s] Level 1:colcon.colcon_core.environment:checking '/home/ytrobot/Dev/neomower/mower_ws/install/mower_sim' for CMake module files
[2.115s] DEBUG:colcon.colcon_core.event_handler.log_command:Invoked command in '/home/ytrobot/Dev/neomower/mower_ws/build/mower_sim' returned '0': CMAKE_PREFIX_PATH=/home/ytrobot/Dev/neomower/mower_ws/install/mower_description:/home/ytrobot/Dev/neomower/mower_ws/install/mower_bringup:/home/ytrobot/Dev/neomower/mower_ws/install/mower_sim:/home/ytrobot/Dev/neomower/mower_ws/install/mower_interfaces:/home/ytrobot/Dev/neomower/mower_ws/install/mower_control:/opt/ros/humble /usr/bin/cmake --install /home/ytrobot/Dev/neomower/mower_ws/build/mower_sim
[2.115s] Level 1:colcon.colcon_core.environment:checking '/home/ytrobot/Dev/neomower/mower_ws/install/mower_sim' for CMake config files
[2.115s] Level 1:colcon.colcon_core.shell:create_environment_hook('mower_sim', 'cmake_prefix_path')
[2.115s] INFO:colcon.colcon_core.shell:Creating environment hook '/home/ytrobot/Dev/neomower/mower_ws/install/mower_sim/share/mower_sim/hook/cmake_prefix_path.ps1'
[2.116s] INFO:colcon.colcon_core.shell:Creating environment descriptor '/home/ytrobot/Dev/neomower/mower_ws/install/mower_sim/share/mower_sim/hook/cmake_prefix_path.dsv'
[2.116s] INFO:colcon.colcon_core.shell:Creating environment hook '/home/ytrobot/Dev/neomower/mower_ws/install/mower_sim/share/mower_sim/hook/cmake_prefix_path.sh'
[2.117s] Level 1:colcon.colcon_core.environment:checking '/home/ytrobot/Dev/neomower/mower_ws/install/mower_sim/bin'
[2.117s] Level 1:colcon.colcon_core.environment:checking '/home/ytrobot/Dev/neomower/mower_ws/install/mower_sim/lib/pkgconfig/mower_sim.pc'
[2.117s] Level 1:colcon.colcon_core.environment:checking '/home/ytrobot/Dev/neomower/mower_ws/install/mower_sim/lib/python3.10/site-packages'
[2.118s] Level 1:colcon.colcon_core.environment:checking '/home/ytrobot/Dev/neomower/mower_ws/install/mower_sim/bin'
[2.118s] INFO:colcon.colcon_core.shell:Creating package script '/home/ytrobot/Dev/neomower/mower_ws/install/mower_sim/share/mower_sim/package.ps1'
[2.118s] INFO:colcon.colcon_core.shell:Creating package descriptor '/home/ytrobot/Dev/neomower/mower_ws/install/mower_sim/share/mower_sim/package.dsv'
[2.119s] INFO:colcon.colcon_core.shell:Creating package script '/home/ytrobot/Dev/neomower/mower_ws/install/mower_sim/share/mower_sim/package.sh'
[2.119s] INFO:colcon.colcon_core.shell:Creating package script '/home/ytrobot/Dev/neomower/mower_ws/install/mower_sim/share/mower_sim/package.bash'
[2.119s] INFO:colcon.colcon_core.shell:Creating package script '/home/ytrobot/Dev/neomower/mower_ws/install/mower_sim/share/mower_sim/package.zsh'
[2.120s] Level 1:colcon.colcon_core.environment:create_file_with_runtime_dependencies(/home/ytrobot/Dev/neomower/mower_ws/install/mower_sim/share/colcon-core/packages/mower_sim)
[2.120s] Level 1:colcon.colcon_core.environment:create_environment_scripts_only(mower_sim)
[2.120s] Level 1:colcon.colcon_core.environment:checking '/home/ytrobot/Dev/neomower/mower_ws/install/mower_sim' for CMake module files
[2.121s] Level 1:colcon.colcon_core.environment:checking '/home/ytrobot/Dev/neomower/mower_ws/install/mower_sim' for CMake config files
[2.121s] Level 1:colcon.colcon_core.shell:create_environment_hook('mower_sim', 'cmake_prefix_path')
[2.121s] INFO:colcon.colcon_core.shell:Creating environment hook '/home/ytrobot/Dev/neomower/mower_ws/install/mower_sim/share/mower_sim/hook/cmake_prefix_path.ps1'
[2.122s] INFO:colcon.colcon_core.shell:Creating environment descriptor '/home/ytrobot/Dev/neomower/mower_ws/install/mower_sim/share/mower_sim/hook/cmake_prefix_path.dsv'
[2.122s] INFO:colcon.colcon_core.shell:Creating environment hook '/home/ytrobot/Dev/neomower/mower_ws/install/mower_sim/share/mower_sim/hook/cmake_prefix_path.sh'
[2.123s] Level 1:colcon.colcon_core.environment:checking '/home/ytrobot/Dev/neomower/mower_ws/install/mower_sim/bin'
[2.123s] Level 1:colcon.colcon_core.environment:checking '/home/ytrobot/Dev/neomower/mower_ws/install/mower_sim/lib/pkgconfig/mower_sim.pc'
[2.123s] Level 1:colcon.colcon_core.environment:checking '/home/ytrobot/Dev/neomower/mower_ws/install/mower_sim/lib/python3.10/site-packages'
[2.123s] Level 1:colcon.colcon_core.environment:checking '/home/ytrobot/Dev/neomower/mower_ws/install/mower_sim/bin'
[2.124s] INFO:colcon.colcon_core.shell:Creating package script '/home/ytrobot/Dev/neomower/mower_ws/install/mower_sim/share/mower_sim/package.ps1'
[2.124s] INFO:colcon.colcon_core.shell:Creating package descriptor '/home/ytrobot/Dev/neomower/mower_ws/install/mower_sim/share/mower_sim/package.dsv'
[2.125s] INFO:colcon.colcon_core.shell:Creating package script '/home/ytrobot/Dev/neomower/mower_ws/install/mower_sim/share/mower_sim/package.sh'
[2.125s] INFO:colcon.colcon_core.shell:Creating package script '/home/ytrobot/Dev/neomower/mower_ws/install/mower_sim/share/mower_sim/package.bash'
[2.126s] INFO:colcon.colcon_core.shell:Creating package script '/home/ytrobot/Dev/neomower/mower_ws/install/mower_sim/share/mower_sim/package.zsh'
[2.126s] Level 1:colcon.colcon_core.environment:create_file_with_runtime_dependencies(/home/ytrobot/Dev/neomower/mower_ws/install/mower_sim/share/colcon-core/packages/mower_sim)
[2.127s] INFO:colcon.colcon_ros.task.ament_cmake.build:Building ROS package in '/home/ytrobot/Dev/neomower/mower_ws/src/mower_bringup' with build type 'ament_cmake'
[2.127s] INFO:colcon.colcon_cmake.task.cmake.build:Building CMake package in '/home/ytrobot/Dev/neomower/mower_ws/src/mower_bringup'
[2.127s] INFO:colcon.colcon_core.shell:Skip shell extension 'powershell' for command environment: Not usable outside of PowerShell
[2.127s] DEBUG:colcon.colcon_core.shell:Skip shell extension 'dsv' for command environment
[2.140s] DEBUG:colcon.colcon_core.event_handler.log_command:Invoking command in '/home/ytrobot/Dev/neomower/mower_ws/build/mower_bringup': AMENT_PREFIX_PATH=/home/ytrobot/Dev/neomower/mower_ws/install/mower_control:/home/ytrobot/Dev/neomower/mower_ws/install/mower_bringup:/home/ytrobot/Dev/neomower/mower_ws/install/mower_sim:/home/ytrobot/Dev/neomower/mower_ws/install/mower_interfaces:/home/ytrobot/Dev/neomower/mower_ws/install/mower_description:/opt/ros/humble CMAKE_PREFIX_PATH=/home/ytrobot/Dev/neomower/mower_ws/install/mower_sim:/home/ytrobot/Dev/neomower/mower_ws/install/mower_description:/home/ytrobot/Dev/neomower/mower_ws/install/mower_bringup:/home/ytrobot/Dev/neomower/mower_ws/install/mower_interfaces:/home/ytrobot/Dev/neomower/mower_ws/install/mower_control:/opt/ros/humble /usr/bin/cmake /home/ytrobot/Dev/neomower/mower_ws/src/mower_bringup -DAMENT_CMAKE_SYMLINK_INSTALL=1 -DCMAKE_INSTALL_PREFIX=/home/ytrobot/Dev/neomower/mower_ws/install/mower_bringup
[2.760s] DEBUG:colcon.colcon_core.event_handler.log_command:Invoked command in '/home/ytrobot/Dev/neomower/mower_ws/build/mower_bringup' returned '0': AMENT_PREFIX_PATH=/home/ytrobot/Dev/neomower/mower_ws/install/mower_control:/home/ytrobot/Dev/neomower/mower_ws/install/mower_bringup:/home/ytrobot/Dev/neomower/mower_ws/install/mower_sim:/home/ytrobot/Dev/neomower/mower_ws/install/mower_interfaces:/home/ytrobot/Dev/neomower/mower_ws/install/mower_description:/opt/ros/humble CMAKE_PREFIX_PATH=/home/ytrobot/Dev/neomower/mower_ws/install/mower_sim:/home/ytrobot/Dev/neomower/mower_ws/install/mower_description:/home/ytrobot/Dev/neomower/mower_ws/install/mower_bringup:/home/ytrobot/Dev/neomower/mower_ws/install/mower_interfaces:/home/ytrobot/Dev/neomower/mower_ws/install/mower_control:/opt/ros/humble /usr/bin/cmake /home/ytrobot/Dev/neomower/mower_ws/src/mower_bringup -DAMENT_CMAKE_SYMLINK_INSTALL=1 -DCMAKE_INSTALL_PREFIX=/home/ytrobot/Dev/neomower/mower_ws/install/mower_bringup
[2.762s] DEBUG:colcon.colcon_core.event_handler.log_command:Invoking command in '/home/ytrobot/Dev/neomower/mower_ws/build/mower_bringup': AMENT_PREFIX_PATH=/home/ytrobot/Dev/neomower/mower_ws/install/mower_control:/home/ytrobot/Dev/neomower/mower_ws/install/mower_bringup:/home/ytrobot/Dev/neomower/mower_ws/install/mower_sim:/home/ytrobot/Dev/neomower/mower_ws/install/mower_interfaces:/home/ytrobot/Dev/neomower/mower_ws/install/mower_description:/opt/ros/humble CMAKE_PREFIX_PATH=/home/ytrobot/Dev/neomower/mower_ws/install/mower_sim:/home/ytrobot/Dev/neomower/mower_ws/install/mower_description:/home/ytrobot/Dev/neomower/mower_ws/install/mower_bringup:/home/ytrobot/Dev/neomower/mower_ws/install/mower_interfaces:/home/ytrobot/Dev/neomower/mower_ws/install/mower_control:/opt/ros/humble /usr/bin/cmake --build /home/ytrobot/Dev/neomower/mower_ws/build/mower_bringup -- -j8 -l8
[2.803s] DEBUG:colcon.colcon_core.event_handler.log_command:Invoked command in '/home/ytrobot/Dev/neomower/mower_ws/build/mower_bringup' returned '0': AMENT_PREFIX_PATH=/home/ytrobot/Dev/neomower/mower_ws/install/mower_control:/home/ytrobot/Dev/neomower/mower_ws/install/mower_bringup:/home/ytrobot/Dev/neomower/mower_ws/install/mower_sim:/home/ytrobot/Dev/neomower/mower_ws/install/mower_interfaces:/home/ytrobot/Dev/neomower/mower_ws/install/mower_description:/opt/ros/humble CMAKE_PREFIX_PATH=/home/ytrobot/Dev/neomower/mower_ws/install/mower_sim:/home/ytrobot/Dev/neomower/mower_ws/install/mower_description:/home/ytrobot/Dev/neomower/mower_ws/install/mower_bringup:/home/ytrobot/Dev/neomower/mower_ws/install/mower_interfaces:/home/ytrobot/Dev/neomower/mower_ws/install/mower_control:/opt/ros/humble /usr/bin/cmake --build /home/ytrobot/Dev/neomower/mower_ws/build/mower_bringup -- -j8 -l8
[2.805s] DEBUG:colcon.colcon_core.event_handler.log_command:Invoking command in '/home/ytrobot/Dev/neomower/mower_ws/build/mower_bringup': AMENT_PREFIX_PATH=/home/ytrobot/Dev/neomower/mower_ws/install/mower_control:/home/ytrobot/Dev/neomower/mower_ws/install/mower_bringup:/home/ytrobot/Dev/neomower/mower_ws/install/mower_sim:/home/ytrobot/Dev/neomower/mower_ws/install/mower_interfaces:/home/ytrobot/Dev/neomower/mower_ws/install/mower_description:/opt/ros/humble CMAKE_PREFIX_PATH=/home/ytrobot/Dev/neomower/mower_ws/install/mower_sim:/home/ytrobot/Dev/neomower/mower_ws/install/mower_description:/home/ytrobot/Dev/neomower/mower_ws/install/mower_bringup:/home/ytrobot/Dev/neomower/mower_ws/install/mower_interfaces:/home/ytrobot/Dev/neomower/mower_ws/install/mower_control:/opt/ros/humble /usr/bin/cmake --install /home/ytrobot/Dev/neomower/mower_ws/build/mower_bringup
[2.971s] Level 1:colcon.colcon_core.environment:create_environment_scripts_only(mower_bringup)
[2.971s] Level 1:colcon.colcon_core.environment:checking '/home/ytrobot/Dev/neomower/mower_ws/install/mower_bringup' for CMake module files
[2.972s] DEBUG:colcon.colcon_core.event_handler.log_command:Invoked command in '/home/ytrobot/Dev/neomower/mower_ws/build/mower_bringup' returned '0': AMENT_PREFIX_PATH=/home/ytrobot/Dev/neomower/mower_ws/install/mower_control:/home/ytrobot/Dev/neomower/mower_ws/install/mower_bringup:/home/ytrobot/Dev/neomower/mower_ws/install/mower_sim:/home/ytrobot/Dev/neomower/mower_ws/install/mower_interfaces:/home/ytrobot/Dev/neomower/mower_ws/install/mower_description:/opt/ros/humble CMAKE_PREFIX_PATH=/home/ytrobot/Dev/neomower/mower_ws/install/mower_sim:/home/ytrobot/Dev/neomower/mower_ws/install/mower_description:/home/ytrobot/Dev/neomower/mower_ws/install/mower_bringup:/home/ytrobot/Dev/neomower/mower_ws/install/mower_interfaces:/home/ytrobot/Dev/neomower/mower_ws/install/mower_control:/opt/ros/humble /usr/bin/cmake --install /home/ytrobot/Dev/neomower/mower_ws/build/mower_bringup
[2.973s] Level 1:colcon.colcon_core.environment:checking '/home/ytrobot/Dev/neomower/mower_ws/install/mower_bringup' for CMake config files
[2.973s] Level 1:colcon.colcon_core.shell:create_environment_hook('mower_bringup', 'cmake_prefix_path')
[2.973s] INFO:colcon.colcon_core.shell:Creating environment hook '/home/ytrobot/Dev/neomower/mower_ws/install/mower_bringup/share/mower_bringup/hook/cmake_prefix_path.ps1'
[2.974s] INFO:colcon.colcon_core.shell:Creating environment descriptor '/home/ytrobot/Dev/neomower/mower_ws/install/mower_bringup/share/mower_bringup/hook/cmake_prefix_path.dsv'
[2.974s] INFO:colcon.colcon_core.shell:Creating environment hook '/home/ytrobot/Dev/neomower/mower_ws/install/mower_bringup/share/mower_bringup/hook/cmake_prefix_path.sh'
[2.974s] Level 1:colcon.colcon_core.environment:checking '/home/ytrobot/Dev/neomower/mower_ws/install/mower_bringup/bin'
[2.975s] Level 1:colcon.colcon_core.environment:checking '/home/ytrobot/Dev/neomower/mower_ws/install/mower_bringup/lib/pkgconfig/mower_bringup.pc'
[2.975s] Level 1:colcon.colcon_core.environment:checking '/home/ytrobot/Dev/neomower/mower_ws/install/mower_bringup/lib/python3.10/site-packages'
[2.975s] Level 1:colcon.colcon_core.environment:checking '/home/ytrobot/Dev/neomower/mower_ws/install/mower_bringup/bin'
[2.975s] INFO:colcon.colcon_core.shell:Creating package script '/home/ytrobot/Dev/neomower/mower_ws/install/mower_bringup/share/mower_bringup/package.ps1'
[2.976s] INFO:colcon.colcon_core.shell:Creating package descriptor '/home/ytrobot/Dev/neomower/mower_ws/install/mower_bringup/share/mower_bringup/package.dsv'
[2.976s] INFO:colcon.colcon_core.shell:Creating package script '/home/ytrobot/Dev/neomower/mower_ws/install/mower_bringup/share/mower_bringup/package.sh'
[2.977s] INFO:colcon.colcon_core.shell:Creating package script '/home/ytrobot/Dev/neomower/mower_ws/install/mower_bringup/share/mower_bringup/package.bash'
[2.977s] INFO:colcon.colcon_core.shell:Creating package script '/home/ytrobot/Dev/neomower/mower_ws/install/mower_bringup/share/mower_bringup/package.zsh'
[2.977s] Level 1:colcon.colcon_core.environment:create_file_with_runtime_dependencies(/home/ytrobot/Dev/neomower/mower_ws/install/mower_bringup/share/colcon-core/packages/mower_bringup)
[2.978s] Level 1:colcon.colcon_core.environment:create_environment_scripts_only(mower_bringup)
[2.978s] Level 1:colcon.colcon_core.environment:checking '/home/ytrobot/Dev/neomower/mower_ws/install/mower_bringup' for CMake module files
[2.979s] Level 1:colcon.colcon_core.environment:checking '/home/ytrobot/Dev/neomower/mower_ws/install/mower_bringup' for CMake config files
[2.979s] Level 1:colcon.colcon_core.shell:create_environment_hook('mower_bringup', 'cmake_prefix_path')
[2.979s] INFO:colcon.colcon_core.shell:Creating environment hook '/home/ytrobot/Dev/neomower/mower_ws/install/mower_bringup/share/mower_bringup/hook/cmake_prefix_path.ps1'
[2.980s] INFO:colcon.colcon_core.shell:Creating environment descriptor '/home/ytrobot/Dev/neomower/mower_ws/install/mower_bringup/share/mower_bringup/hook/cmake_prefix_path.dsv'
[2.980s] INFO:colcon.colcon_core.shell:Creating environment hook '/home/ytrobot/Dev/neomower/mower_ws/install/mower_bringup/share/mower_bringup/hook/cmake_prefix_path.sh'
[2.981s] Level 1:colcon.colcon_core.environment:checking '/home/ytrobot/Dev/neomower/mower_ws/install/mower_bringup/bin'
[2.981s] Level 1:colcon.colcon_core.environment:checking '/home/ytrobot/Dev/neomower/mower_ws/install/mower_bringup/lib/pkgconfig/mower_bringup.pc'
[2.981s] Level 1:colcon.colcon_core.environment:checking '/home/ytrobot/Dev/neomower/mower_ws/install/mower_bringup/lib/python3.10/site-packages'
[2.981s] Level 1:colcon.colcon_core.environment:checking '/home/ytrobot/Dev/neomower/mower_ws/install/mower_bringup/bin'
[2.982s] INFO:colcon.colcon_core.shell:Creating package script '/home/ytrobot/Dev/neomower/mower_ws/install/mower_bringup/share/mower_bringup/package.ps1'
[2.983s] INFO:colcon.colcon_core.shell:Creating package descriptor '/home/ytrobot/Dev/neomower/mower_ws/install/mower_bringup/share/mower_bringup/package.dsv'
[2.983s] INFO:colcon.colcon_core.shell:Creating package script '/home/ytrobot/Dev/neomower/mower_ws/install/mower_bringup/share/mower_bringup/package.sh'
[2.984s] INFO:colcon.colcon_core.shell:Creating package script '/home/ytrobot/Dev/neomower/mower_ws/install/mower_bringup/share/mower_bringup/package.bash'
[2.984s] INFO:colcon.colcon_core.shell:Creating package script '/home/ytrobot/Dev/neomower/mower_ws/install/mower_bringup/share/mower_bringup/package.zsh'
[2.985s] Level 1:colcon.colcon_core.environment:create_file_with_runtime_dependencies(/home/ytrobot/Dev/neomower/mower_ws/install/mower_bringup/share/colcon-core/packages/mower_bringup)
[2.985s] DEBUG:colcon.colcon_parallel_executor.executor.parallel:closing loop
[2.985s] DEBUG:colcon.colcon_parallel_executor.executor.parallel:loop closed
[2.985s] DEBUG:colcon.colcon_parallel_executor.executor.parallel:run_until_complete finished with '0'
[2.985s] DEBUG:colcon.colcon_core.event_reactor:joining thread
[2.992s] INFO:colcon.colcon_core.plugin_system:Skipping extension 'colcon_notification.desktop_notification.terminal_notifier': Not used on non-Darwin systems
[2.992s] INFO:colcon.colcon_core.plugin_system:Skipping extension 'colcon_notification.desktop_notification.win32': Not used on non-Windows systems
[2.992s] INFO:colcon.colcon_notification.desktop_notification:Sending desktop notification using 'notify2'
[3.005s] DEBUG:colcon.colcon_core.event_reactor:joined thread
[3.006s] INFO:colcon.colcon_core.shell:Creating prefix script '/home/ytrobot/Dev/neomower/mower_ws/install/local_setup.ps1'
[3.007s] INFO:colcon.colcon_core.shell:Creating prefix util module '/home/ytrobot/Dev/neomower/mower_ws/install/_local_setup_util_ps1.py'
[3.008s] INFO:colcon.colcon_core.shell:Creating prefix chain script '/home/ytrobot/Dev/neomower/mower_ws/install/setup.ps1'
[3.009s] INFO:colcon.colcon_core.shell:Creating prefix script '/home/ytrobot/Dev/neomower/mower_ws/install/local_setup.sh'
[3.010s] INFO:colcon.colcon_core.shell:Creating prefix util module '/home/ytrobot/Dev/neomower/mower_ws/install/_local_setup_util_sh.py'
[3.011s] INFO:colcon.colcon_core.shell:Creating prefix chain script '/home/ytrobot/Dev/neomower/mower_ws/install/setup.sh'
[3.013s] INFO:colcon.colcon_core.shell:Creating prefix script '/home/ytrobot/Dev/neomower/mower_ws/install/local_setup.bash'
[3.013s] INFO:colcon.colcon_core.shell:Creating prefix chain script '/home/ytrobot/Dev/neomower/mower_ws/install/setup.bash'
[3.014s] INFO:colcon.colcon_core.shell:Creating prefix script '/home/ytrobot/Dev/neomower/mower_ws/install/local_setup.zsh'
[3.015s] INFO:colcon.colcon_core.shell:Creating prefix chain script '/home/ytrobot/Dev/neomower/mower_ws/install/setup.zsh'
