[0.274s] Invoking command in '/home/ytrobot/Dev/neomower/mower_ws/build/mower_interfaces': CMAKE_PREFIX_PATH=${CMAKE_PREFIX_PATH}:/home/ytrobot/Dev/neomower/mower_ws/install/mower_control:/opt/ros/humble /usr/bin/cmake /home/ytrobot/Dev/neomower/mower_ws/src/mower_interfaces -DAMENT_CMAKE_SYMLINK_INSTALL=1 -DCMAKE_INSTALL_PREFIX=/home/ytrobot/Dev/neomower/mower_ws/install/mower_interfaces
[0.332s] -- The C compiler identification is GNU 11.4.0
[0.395s] -- The CXX compiler identification is GNU 11.4.0
[0.404s] -- Detecting C compiler ABI info
[0.481s] -- Detecting C compiler ABI info - done
[0.486s] -- Check for working C compiler: /usr/bin/cc - skipped
[0.486s] -- Detecting C compile features
[0.486s] -- Detecting C compile features - done
[0.489s] -- Detecting CXX compiler ABI info
[0.580s] -- Detecting CXX compiler ABI info - done
[0.589s] -- Check for working CXX compiler: /usr/bin/c++ - skipped
[0.589s] -- Detecting CXX compile features
[0.589s] -- Detecting CXX compile features - done
[0.592s] -- Found ament_cmake: 1.3.12 (/opt/ros/humble/share/ament_cmake/cmake)
[0.749s] -- Found Python3: /usr/bin/python3 (found version "3.10.12") found components: Interpreter 
[0.823s] -- Override CMake install command with custom implementation using symlinks instead of copying resources
[0.922s] -- Configuring done
[0.922s] -- Generating done
[0.924s] -- Build files have been written to: /home/ytrobot/Dev/neomower/mower_ws/build/mower_interfaces
[0.928s] Invoked command in '/home/ytrobot/Dev/neomower/mower_ws/build/mower_interfaces' returned '0': CMAKE_PREFIX_PATH=${CMAKE_PREFIX_PATH}:/home/ytrobot/Dev/neomower/mower_ws/install/mower_control:/opt/ros/humble /usr/bin/cmake /home/ytrobot/Dev/neomower/mower_ws/src/mower_interfaces -DAMENT_CMAKE_SYMLINK_INSTALL=1 -DCMAKE_INSTALL_PREFIX=/home/ytrobot/Dev/neomower/mower_ws/install/mower_interfaces
[0.929s] Invoking command in '/home/ytrobot/Dev/neomower/mower_ws/build/mower_interfaces': CMAKE_PREFIX_PATH=${CMAKE_PREFIX_PATH}:/home/ytrobot/Dev/neomower/mower_ws/install/mower_control:/opt/ros/humble /usr/bin/cmake --build /home/ytrobot/Dev/neomower/mower_ws/build/mower_interfaces -- -j8 -l8
[0.973s] Invoked command in '/home/ytrobot/Dev/neomower/mower_ws/build/mower_interfaces' returned '0': CMAKE_PREFIX_PATH=${CMAKE_PREFIX_PATH}:/home/ytrobot/Dev/neomower/mower_ws/install/mower_control:/opt/ros/humble /usr/bin/cmake --build /home/ytrobot/Dev/neomower/mower_ws/build/mower_interfaces -- -j8 -l8
[0.976s] Invoking command in '/home/ytrobot/Dev/neomower/mower_ws/build/mower_interfaces': CMAKE_PREFIX_PATH=${CMAKE_PREFIX_PATH}:/home/ytrobot/Dev/neomower/mower_ws/install/mower_control:/opt/ros/humble /usr/bin/cmake --install /home/ytrobot/Dev/neomower/mower_ws/build/mower_interfaces
[0.984s] -- Install configuration: ""
[0.984s] -- Execute custom install script
[0.984s] -- Symlinking: /home/ytrobot/Dev/neomower/mower_ws/install/mower_interfaces/share/ament_index/resource_index/package_run_dependencies/mower_interfaces
[0.993s] -- Symlinking: /home/ytrobot/Dev/neomower/mower_ws/install/mower_interfaces/share/ament_index/resource_index/parent_prefix_path/mower_interfaces
[1.002s] -- Symlinking: /home/ytrobot/Dev/neomower/mower_ws/install/mower_interfaces/share/mower_interfaces/environment/ament_prefix_path.sh
[1.012s] -- Symlinking: /home/ytrobot/Dev/neomower/mower_ws/install/mower_interfaces/share/mower_interfaces/environment/ament_prefix_path.dsv
[1.024s] -- Symlinking: /home/ytrobot/Dev/neomower/mower_ws/install/mower_interfaces/share/mower_interfaces/environment/path.sh
[1.033s] -- Symlinking: /home/ytrobot/Dev/neomower/mower_ws/install/mower_interfaces/share/mower_interfaces/environment/path.dsv
[1.043s] -- Symlinking: /home/ytrobot/Dev/neomower/mower_ws/install/mower_interfaces/share/mower_interfaces/local_setup.bash
[1.052s] -- Symlinking: /home/ytrobot/Dev/neomower/mower_ws/install/mower_interfaces/share/mower_interfaces/local_setup.sh
[1.062s] -- Symlinking: /home/ytrobot/Dev/neomower/mower_ws/install/mower_interfaces/share/mower_interfaces/local_setup.zsh
[1.072s] -- Symlinking: /home/ytrobot/Dev/neomower/mower_ws/install/mower_interfaces/share/mower_interfaces/local_setup.dsv
[1.081s] -- Symlinking: /home/ytrobot/Dev/neomower/mower_ws/install/mower_interfaces/share/mower_interfaces/package.dsv
[1.092s] -- Symlinking: /home/ytrobot/Dev/neomower/mower_ws/install/mower_interfaces/share/ament_index/resource_index/packages/mower_interfaces
[1.137s] -- Symlinking: /home/ytrobot/Dev/neomower/mower_ws/install/mower_interfaces/share/mower_interfaces/cmake/mower_interfacesConfig.cmake
[1.148s] -- Symlinking: /home/ytrobot/Dev/neomower/mower_ws/install/mower_interfaces/share/mower_interfaces/cmake/mower_interfacesConfig-version.cmake
[1.158s] -- Symlinking: /home/ytrobot/Dev/neomower/mower_ws/install/mower_interfaces/share/mower_interfaces/package.xml
[1.169s] Invoked command in '/home/ytrobot/Dev/neomower/mower_ws/build/mower_interfaces' returned '0': CMAKE_PREFIX_PATH=${CMAKE_PREFIX_PATH}:/home/ytrobot/Dev/neomower/mower_ws/install/mower_control:/opt/ros/humble /usr/bin/cmake --install /home/ytrobot/Dev/neomower/mower_ws/build/mower_interfaces
