[0.010s] Invoking command in '/home/ytrobot/Dev/neomower/mower_ws/build/mower_sim': CMAKE_PREFIX_PATH=/home/ytrobot/Dev/neomower/mower_ws/install/mower_description:/home/ytrobot/Dev/neomower/mower_ws/install/mower_bringup:/home/ytrobot/Dev/neomower/mower_ws/install/mower_sim:/home/ytrobot/Dev/neomower/mower_ws/install/mower_interfaces:/home/ytrobot/Dev/neomower/mower_ws/install/mower_control:/opt/ros/humble /usr/bin/cmake /home/ytrobot/Dev/neomower/mower_ws/src/mower_sim -DAMENT_CMAKE_SYMLINK_INSTALL=1 -DCMAKE_INSTALL_PREFIX=/home/ytrobot/Dev/neomower/mower_ws/install/mower_sim
[0.073s] -- The C compiler identification is GNU 11.4.0
[0.131s] -- The CXX compiler identification is GNU 11.4.0
[0.140s] -- Detecting C compiler ABI info
[0.252s] -- Detecting C compiler ABI info - done
[0.264s] -- Check for working C compiler: /usr/bin/cc - skipped
[0.264s] -- Detecting C compile features
[0.264s] -- Detecting C compile features - done
[0.267s] -- Detecting CXX compiler ABI info
[0.354s] -- Detecting CXX compiler ABI info - done
[0.362s] -- Check for working CXX compiler: /usr/bin/c++ - skipped
[0.362s] -- Detecting CXX compile features
[0.363s] -- Detecting CXX compile features - done
[0.365s] -- Found ament_cmake: 1.3.12 (/opt/ros/humble/share/ament_cmake/cmake)
[0.502s] -- Found Python3: /usr/bin/python3 (found version "3.10.12") found components: Interpreter 
[0.573s] -- Override CMake install command with custom implementation using symlinks instead of copying resources
[0.660s] -- Configuring done
[0.662s] -- Generating done
[0.663s] -- Build files have been written to: /home/ytrobot/Dev/neomower/mower_ws/build/mower_sim
[0.670s] Invoked command in '/home/ytrobot/Dev/neomower/mower_ws/build/mower_sim' returned '0': CMAKE_PREFIX_PATH=/home/ytrobot/Dev/neomower/mower_ws/install/mower_description:/home/ytrobot/Dev/neomower/mower_ws/install/mower_bringup:/home/ytrobot/Dev/neomower/mower_ws/install/mower_sim:/home/ytrobot/Dev/neomower/mower_ws/install/mower_interfaces:/home/ytrobot/Dev/neomower/mower_ws/install/mower_control:/opt/ros/humble /usr/bin/cmake /home/ytrobot/Dev/neomower/mower_ws/src/mower_sim -DAMENT_CMAKE_SYMLINK_INSTALL=1 -DCMAKE_INSTALL_PREFIX=/home/ytrobot/Dev/neomower/mower_ws/install/mower_sim
[0.671s] Invoking command in '/home/ytrobot/Dev/neomower/mower_ws/build/mower_sim': CMAKE_PREFIX_PATH=/home/ytrobot/Dev/neomower/mower_ws/install/mower_description:/home/ytrobot/Dev/neomower/mower_ws/install/mower_bringup:/home/ytrobot/Dev/neomower/mower_ws/install/mower_sim:/home/ytrobot/Dev/neomower/mower_ws/install/mower_interfaces:/home/ytrobot/Dev/neomower/mower_ws/install/mower_control:/opt/ros/humble /usr/bin/cmake --build /home/ytrobot/Dev/neomower/mower_ws/build/mower_sim -- -j8 -l8
[0.706s] Invoked command in '/home/ytrobot/Dev/neomower/mower_ws/build/mower_sim' returned '0': CMAKE_PREFIX_PATH=/home/ytrobot/Dev/neomower/mower_ws/install/mower_description:/home/ytrobot/Dev/neomower/mower_ws/install/mower_bringup:/home/ytrobot/Dev/neomower/mower_ws/install/mower_sim:/home/ytrobot/Dev/neomower/mower_ws/install/mower_interfaces:/home/ytrobot/Dev/neomower/mower_ws/install/mower_control:/opt/ros/humble /usr/bin/cmake --build /home/ytrobot/Dev/neomower/mower_ws/build/mower_sim -- -j8 -l8
[0.709s] Invoking command in '/home/ytrobot/Dev/neomower/mower_ws/build/mower_sim': CMAKE_PREFIX_PATH=/home/ytrobot/Dev/neomower/mower_ws/install/mower_description:/home/ytrobot/Dev/neomower/mower_ws/install/mower_bringup:/home/ytrobot/Dev/neomower/mower_ws/install/mower_sim:/home/ytrobot/Dev/neomower/mower_ws/install/mower_interfaces:/home/ytrobot/Dev/neomower/mower_ws/install/mower_control:/opt/ros/humble /usr/bin/cmake --install /home/ytrobot/Dev/neomower/mower_ws/build/mower_sim
[0.715s] -- Install configuration: ""
[0.716s] -- Execute custom install script
[0.717s] -- Symlinking: /home/ytrobot/Dev/neomower/mower_ws/install/mower_sim/share/mower_sim/launch/sim.launch.py
[0.729s] -- Symlinking: /home/ytrobot/Dev/neomower/mower_ws/install/mower_sim/share/mower_sim/worlds/lawn.world
[0.739s] -- Symlinking: /home/ytrobot/Dev/neomower/mower_ws/install/mower_sim/share/ament_index/resource_index/package_run_dependencies/mower_sim
[0.748s] -- Symlinking: /home/ytrobot/Dev/neomower/mower_ws/install/mower_sim/share/ament_index/resource_index/parent_prefix_path/mower_sim
[0.757s] -- Symlinking: /home/ytrobot/Dev/neomower/mower_ws/install/mower_sim/share/mower_sim/environment/ament_prefix_path.sh
[0.766s] -- Symlinking: /home/ytrobot/Dev/neomower/mower_ws/install/mower_sim/share/mower_sim/environment/ament_prefix_path.dsv
[0.776s] -- Symlinking: /home/ytrobot/Dev/neomower/mower_ws/install/mower_sim/share/mower_sim/environment/path.sh
[0.785s] -- Symlinking: /home/ytrobot/Dev/neomower/mower_ws/install/mower_sim/share/mower_sim/environment/path.dsv
[0.793s] -- Symlinking: /home/ytrobot/Dev/neomower/mower_ws/install/mower_sim/share/mower_sim/local_setup.bash
[0.802s] -- Symlinking: /home/ytrobot/Dev/neomower/mower_ws/install/mower_sim/share/mower_sim/local_setup.sh
[0.809s] -- Symlinking: /home/ytrobot/Dev/neomower/mower_ws/install/mower_sim/share/mower_sim/local_setup.zsh
[0.819s] -- Symlinking: /home/ytrobot/Dev/neomower/mower_ws/install/mower_sim/share/mower_sim/local_setup.dsv
[0.829s] -- Symlinking: /home/ytrobot/Dev/neomower/mower_ws/install/mower_sim/share/mower_sim/package.dsv
[0.838s] -- Symlinking: /home/ytrobot/Dev/neomower/mower_ws/install/mower_sim/share/ament_index/resource_index/packages/mower_sim
[0.847s] -- Symlinking: /home/ytrobot/Dev/neomower/mower_ws/install/mower_sim/share/mower_sim/cmake/mower_simConfig.cmake
[0.856s] -- Symlinking: /home/ytrobot/Dev/neomower/mower_ws/install/mower_sim/share/mower_sim/cmake/mower_simConfig-version.cmake
[0.865s] -- Symlinking: /home/ytrobot/Dev/neomower/mower_ws/install/mower_sim/share/mower_sim/package.xml
[0.876s] Invoked command in '/home/ytrobot/Dev/neomower/mower_ws/build/mower_sim' returned '0': CMAKE_PREFIX_PATH=/home/ytrobot/Dev/neomower/mower_ws/install/mower_description:/home/ytrobot/Dev/neomower/mower_ws/install/mower_bringup:/home/ytrobot/Dev/neomower/mower_ws/install/mower_sim:/home/ytrobot/Dev/neomower/mower_ws/install/mower_interfaces:/home/ytrobot/Dev/neomower/mower_ws/install/mower_control:/opt/ros/humble /usr/bin/cmake --install /home/ytrobot/Dev/neomower/mower_ws/build/mower_sim
